

================================================================
== Vivado HLS Report for 'operator_mul'
================================================================
* Date:           Fri Jan 17 13:00:41 2020

* Version:        2018.3 (Build 2405991 on Thu Dec 06 23:56:15 MST 2018)
* Project:        Ultrascale_integrate_HLS
* Solution:       solution1
* Product family: zynquplus
* Target device:  xczu9eg-ffvb1156-2-i


================================================================
== Performance Estimates
================================================================
+ Timing (ns): 
    * Summary: 
    +--------+-------+----------+------------+
    |  Clock | Target| Estimated| Uncertainty|
    +--------+-------+----------+------------+
    |ap_clk  |  10.00|     8.419|        1.25|
    +--------+-------+----------+------------+

+ Latency (clock cycles): 
    * Summary: 
    +-----+-----+-----+-----+----------+
    |  Latency  |  Interval | Pipeline |
    | min | max | min | max |   Type   |
    +-----+-----+-----+-----+----------+
    |    9|    9|    1|    1| function |
    +-----+-----+-----+-----+----------+

    + Detail: 
        * Instance: 
        N/A

        * Loop: 
        N/A

============================================================
+ Verbose Summary: Synthesis Manager
============================================================
InlineROM: 1
ExposeGlobal: 0
============================================================
+ Verbose Summary: CDFG Model
============================================================
IsTopModel: 0
ResetActiveHigh: 1
IsCombinational: 0
IsDatapathOnly: 0
HasWiredReturn: 1
HasMFsm: 2
HasVarLatency: 0
IsPipeline: 1
IsRtlPipelined: 1
IsInstanceOverlapped: 0
IsDontTouch: 0
HasImplIP: 0
IsGatedGlobalClock: 0

+ Individual pipeline summary: 
  * Pipeline-0: initiation interval (II) = 1, depth = 10


============================================================
+ Verbose Summary: Schedule
============================================================
* Number of FSM states : 10
* Pipeline : 1
  Pipeline-0 : II = 1, D = 10, States = { 1 2 3 4 5 6 7 8 9 10 }
* Dataflow Pipeline: 0

* FSM state transitions: 
1 --> 
	2  / true
2 --> 
	3  / true
3 --> 
	4  / true
4 --> 
	5  / true
5 --> 
	6  / true
6 --> 
	7  / true
7 --> 
	8  / true
8 --> 
	9  / true
9 --> 
	10  / true
10 --> 

* FSM state operations: 

State 1 <SV = 0> <Delay = 8.41>
ST_1 : Operation 11 [1/1] (0.00ns)   --->   "%v_z_read_1 = call float @_ssdm_op_Read.ap_auto.float(float %v_z_read)" [/home/pastoikos/Documents/Ultrascale_integrate_HLS/include/commons.h:331]   --->   Operation 11 'read' 'v_z_read_1' <Predicate = true> <Delay = 0.00>
ST_1 : Operation 12 [1/1] (0.00ns)   --->   "%v_y_read_1 = call float @_ssdm_op_Read.ap_auto.float(float %v_y_read)" [/home/pastoikos/Documents/Ultrascale_integrate_HLS/include/commons.h:331]   --->   Operation 12 'read' 'v_y_read_1' <Predicate = true> <Delay = 0.00>
ST_1 : Operation 13 [1/1] (0.00ns)   --->   "%v_x_read_1 = call float @_ssdm_op_Read.ap_auto.float(float %v_x_read)" [/home/pastoikos/Documents/Ultrascale_integrate_HLS/include/commons.h:331]   --->   Operation 13 'read' 'v_x_read_1' <Predicate = true> <Delay = 0.00>
ST_1 : Operation 14 [1/1] (0.00ns)   --->   "%M_data_read_1 = call i512 @_ssdm_op_Read.ap_auto.i512(i512 %M_data_read)" [/home/pastoikos/Documents/Ultrascale_integrate_HLS/include/commons.h:331]   --->   Operation 14 'read' 'M_data_read_1' <Predicate = true> <Delay = 0.00>
ST_1 : Operation 15 [1/1] (0.00ns)   --->   "%tmp_6 = trunc i512 %M_data_read_1 to i32" [/home/pastoikos/Documents/Ultrascale_integrate_HLS/include/commons.h:333]   --->   Operation 15 'trunc' 'tmp_6' <Predicate = true> <Delay = 0.00>
ST_1 : Operation 16 [1/1] (0.00ns)   --->   "%val_x = bitcast i32 %tmp_6 to float" [/home/pastoikos/Documents/Ultrascale_integrate_HLS/include/commons.h:333]   --->   Operation 16 'bitcast' 'val_x' <Predicate = true> <Delay = 0.00>
ST_1 : Operation 17 [1/1] (0.00ns)   --->   "%tmp_8 = call i32 @_ssdm_op_PartSelect.i32.i512.i32.i32(i512 %M_data_read_1, i32 128, i32 159)" [/home/pastoikos/Documents/Ultrascale_integrate_HLS/include/commons.h:333]   --->   Operation 17 'partselect' 'tmp_8' <Predicate = true> <Delay = 0.00>
ST_1 : Operation 18 [1/1] (0.00ns)   --->   "%val_y = bitcast i32 %tmp_8 to float" [/home/pastoikos/Documents/Ultrascale_integrate_HLS/include/commons.h:333]   --->   Operation 18 'bitcast' 'val_y' <Predicate = true> <Delay = 0.00>
ST_1 : Operation 19 [1/1] (0.00ns)   --->   "%tmp_s = call i32 @_ssdm_op_PartSelect.i32.i512.i32.i32(i512 %M_data_read_1, i32 256, i32 287)" [/home/pastoikos/Documents/Ultrascale_integrate_HLS/include/commons.h:333]   --->   Operation 19 'partselect' 'tmp_s' <Predicate = true> <Delay = 0.00>
ST_1 : Operation 20 [1/1] (0.00ns)   --->   "%val_z = bitcast i32 %tmp_s to float" [/home/pastoikos/Documents/Ultrascale_integrate_HLS/include/commons.h:333]   --->   Operation 20 'bitcast' 'val_z' <Predicate = true> <Delay = 0.00>
ST_1 : Operation 21 [2/2] (8.41ns)   --->   "%tmp_i = fmul float %val_x, %v_x_read_1" [/home/pastoikos/Documents/Ultrascale_integrate_HLS/thirdparty/cutil_math.h:1070->/home/pastoikos/Documents/Ultrascale_integrate_HLS/include/commons.h:333]   --->   Operation 21 'fmul' 'tmp_i' <Predicate = true> <Delay = 8.41> <Core = "FMul">   --->   Core 105 'FMul' <Latency = 1> <II = 1> <Delay = 8.41> <FuncUnit> <Opcode : 'fmul'> <InPorts = 2> <OutPorts = 1>
ST_1 : Operation 22 [2/2] (8.41ns)   --->   "%tmp_i_15 = fmul float %val_y, %v_y_read_1" [/home/pastoikos/Documents/Ultrascale_integrate_HLS/thirdparty/cutil_math.h:1070->/home/pastoikos/Documents/Ultrascale_integrate_HLS/include/commons.h:333]   --->   Operation 22 'fmul' 'tmp_i_15' <Predicate = true> <Delay = 8.41> <Core = "FMul">   --->   Core 105 'FMul' <Latency = 1> <II = 1> <Delay = 8.41> <FuncUnit> <Opcode : 'fmul'> <InPorts = 2> <OutPorts = 1>
ST_1 : Operation 23 [2/2] (8.41ns)   --->   "%tmp_20_i = fmul float %val_z, %v_z_read_1" [/home/pastoikos/Documents/Ultrascale_integrate_HLS/thirdparty/cutil_math.h:1070->/home/pastoikos/Documents/Ultrascale_integrate_HLS/include/commons.h:333]   --->   Operation 23 'fmul' 'tmp_20_i' <Predicate = true> <Delay = 8.41> <Core = "FMul">   --->   Core 105 'FMul' <Latency = 1> <II = 1> <Delay = 8.41> <FuncUnit> <Opcode : 'fmul'> <InPorts = 2> <OutPorts = 1>
ST_1 : Operation 24 [1/1] (0.00ns)   --->   "%tmp_4 = call i32 @_ssdm_op_PartSelect.i32.i512.i32.i32(i512 %M_data_read_1, i32 384, i32 415)" [/home/pastoikos/Documents/Ultrascale_integrate_HLS/include/commons.h:333]   --->   Operation 24 'partselect' 'tmp_4' <Predicate = true> <Delay = 0.00>
ST_1 : Operation 25 [1/1] (0.00ns)   --->   "%tmp_9 = call i32 @_ssdm_op_PartSelect.i32.i512.i32.i32(i512 %M_data_read_1, i32 32, i32 63)" [/home/pastoikos/Documents/Ultrascale_integrate_HLS/include/commons.h:334]   --->   Operation 25 'partselect' 'tmp_9' <Predicate = true> <Delay = 0.00>
ST_1 : Operation 26 [1/1] (0.00ns)   --->   "%val_x_1 = bitcast i32 %tmp_9 to float" [/home/pastoikos/Documents/Ultrascale_integrate_HLS/include/commons.h:334]   --->   Operation 26 'bitcast' 'val_x_1' <Predicate = true> <Delay = 0.00>
ST_1 : Operation 27 [1/1] (0.00ns)   --->   "%tmp_1 = call i32 @_ssdm_op_PartSelect.i32.i512.i32.i32(i512 %M_data_read_1, i32 160, i32 191)" [/home/pastoikos/Documents/Ultrascale_integrate_HLS/include/commons.h:334]   --->   Operation 27 'partselect' 'tmp_1' <Predicate = true> <Delay = 0.00>
ST_1 : Operation 28 [1/1] (0.00ns)   --->   "%val_y_1 = bitcast i32 %tmp_1 to float" [/home/pastoikos/Documents/Ultrascale_integrate_HLS/include/commons.h:334]   --->   Operation 28 'bitcast' 'val_y_1' <Predicate = true> <Delay = 0.00>
ST_1 : Operation 29 [1/1] (0.00ns)   --->   "%tmp_2 = call i32 @_ssdm_op_PartSelect.i32.i512.i32.i32(i512 %M_data_read_1, i32 288, i32 319)" [/home/pastoikos/Documents/Ultrascale_integrate_HLS/include/commons.h:334]   --->   Operation 29 'partselect' 'tmp_2' <Predicate = true> <Delay = 0.00>
ST_1 : Operation 30 [1/1] (0.00ns)   --->   "%val_z_1 = bitcast i32 %tmp_2 to float" [/home/pastoikos/Documents/Ultrascale_integrate_HLS/include/commons.h:334]   --->   Operation 30 'bitcast' 'val_z_1' <Predicate = true> <Delay = 0.00>
ST_1 : Operation 31 [2/2] (8.41ns)   --->   "%tmp_i4 = fmul float %val_x_1, %v_x_read_1" [/home/pastoikos/Documents/Ultrascale_integrate_HLS/thirdparty/cutil_math.h:1070->/home/pastoikos/Documents/Ultrascale_integrate_HLS/include/commons.h:334]   --->   Operation 31 'fmul' 'tmp_i4' <Predicate = true> <Delay = 8.41> <Core = "FMul">   --->   Core 105 'FMul' <Latency = 1> <II = 1> <Delay = 8.41> <FuncUnit> <Opcode : 'fmul'> <InPorts = 2> <OutPorts = 1>
ST_1 : Operation 32 [2/2] (8.41ns)   --->   "%tmp_i5 = fmul float %val_y_1, %v_y_read_1" [/home/pastoikos/Documents/Ultrascale_integrate_HLS/thirdparty/cutil_math.h:1070->/home/pastoikos/Documents/Ultrascale_integrate_HLS/include/commons.h:334]   --->   Operation 32 'fmul' 'tmp_i5' <Predicate = true> <Delay = 8.41> <Core = "FMul">   --->   Core 105 'FMul' <Latency = 1> <II = 1> <Delay = 8.41> <FuncUnit> <Opcode : 'fmul'> <InPorts = 2> <OutPorts = 1>
ST_1 : Operation 33 [2/2] (8.41ns)   --->   "%tmp_20_i7 = fmul float %val_z_1, %v_z_read_1" [/home/pastoikos/Documents/Ultrascale_integrate_HLS/thirdparty/cutil_math.h:1070->/home/pastoikos/Documents/Ultrascale_integrate_HLS/include/commons.h:334]   --->   Operation 33 'fmul' 'tmp_20_i7' <Predicate = true> <Delay = 8.41> <Core = "FMul">   --->   Core 105 'FMul' <Latency = 1> <II = 1> <Delay = 8.41> <FuncUnit> <Opcode : 'fmul'> <InPorts = 2> <OutPorts = 1>
ST_1 : Operation 34 [1/1] (0.00ns)   --->   "%tmp_3 = call i32 @_ssdm_op_PartSelect.i32.i512.i32.i32(i512 %M_data_read_1, i32 416, i32 447)" [/home/pastoikos/Documents/Ultrascale_integrate_HLS/include/commons.h:334]   --->   Operation 34 'partselect' 'tmp_3' <Predicate = true> <Delay = 0.00>
ST_1 : Operation 35 [1/1] (0.00ns)   --->   "%tmp_10 = call i32 @_ssdm_op_PartSelect.i32.i512.i32.i32(i512 %M_data_read_1, i32 64, i32 95)" [/home/pastoikos/Documents/Ultrascale_integrate_HLS/include/commons.h:335]   --->   Operation 35 'partselect' 'tmp_10' <Predicate = true> <Delay = 0.00>
ST_1 : Operation 36 [1/1] (0.00ns)   --->   "%val_x_2 = bitcast i32 %tmp_10 to float" [/home/pastoikos/Documents/Ultrascale_integrate_HLS/include/commons.h:335]   --->   Operation 36 'bitcast' 'val_x_2' <Predicate = true> <Delay = 0.00>
ST_1 : Operation 37 [1/1] (0.00ns)   --->   "%tmp_11 = call i32 @_ssdm_op_PartSelect.i32.i512.i32.i32(i512 %M_data_read_1, i32 192, i32 223)" [/home/pastoikos/Documents/Ultrascale_integrate_HLS/include/commons.h:335]   --->   Operation 37 'partselect' 'tmp_11' <Predicate = true> <Delay = 0.00>
ST_1 : Operation 38 [1/1] (0.00ns)   --->   "%val_y_2 = bitcast i32 %tmp_11 to float" [/home/pastoikos/Documents/Ultrascale_integrate_HLS/include/commons.h:335]   --->   Operation 38 'bitcast' 'val_y_2' <Predicate = true> <Delay = 0.00>
ST_1 : Operation 39 [1/1] (0.00ns)   --->   "%tmp_12 = call i32 @_ssdm_op_PartSelect.i32.i512.i32.i32(i512 %M_data_read_1, i32 320, i32 351)" [/home/pastoikos/Documents/Ultrascale_integrate_HLS/include/commons.h:335]   --->   Operation 39 'partselect' 'tmp_12' <Predicate = true> <Delay = 0.00>
ST_1 : Operation 40 [1/1] (0.00ns)   --->   "%val_z_2 = bitcast i32 %tmp_12 to float" [/home/pastoikos/Documents/Ultrascale_integrate_HLS/include/commons.h:335]   --->   Operation 40 'bitcast' 'val_z_2' <Predicate = true> <Delay = 0.00>
ST_1 : Operation 41 [2/2] (8.41ns)   --->   "%tmp_i1 = fmul float %val_x_2, %v_x_read_1" [/home/pastoikos/Documents/Ultrascale_integrate_HLS/thirdparty/cutil_math.h:1070->/home/pastoikos/Documents/Ultrascale_integrate_HLS/include/commons.h:335]   --->   Operation 41 'fmul' 'tmp_i1' <Predicate = true> <Delay = 8.41> <Core = "FMul">   --->   Core 105 'FMul' <Latency = 1> <II = 1> <Delay = 8.41> <FuncUnit> <Opcode : 'fmul'> <InPorts = 2> <OutPorts = 1>
ST_1 : Operation 42 [2/2] (8.41ns)   --->   "%tmp_i1_16 = fmul float %val_y_2, %v_y_read_1" [/home/pastoikos/Documents/Ultrascale_integrate_HLS/thirdparty/cutil_math.h:1070->/home/pastoikos/Documents/Ultrascale_integrate_HLS/include/commons.h:335]   --->   Operation 42 'fmul' 'tmp_i1_16' <Predicate = true> <Delay = 8.41> <Core = "FMul">   --->   Core 105 'FMul' <Latency = 1> <II = 1> <Delay = 8.41> <FuncUnit> <Opcode : 'fmul'> <InPorts = 2> <OutPorts = 1>
ST_1 : Operation 43 [2/2] (8.41ns)   --->   "%tmp_20_i1 = fmul float %val_z_2, %v_z_read_1" [/home/pastoikos/Documents/Ultrascale_integrate_HLS/thirdparty/cutil_math.h:1070->/home/pastoikos/Documents/Ultrascale_integrate_HLS/include/commons.h:335]   --->   Operation 43 'fmul' 'tmp_20_i1' <Predicate = true> <Delay = 8.41> <Core = "FMul">   --->   Core 105 'FMul' <Latency = 1> <II = 1> <Delay = 8.41> <FuncUnit> <Opcode : 'fmul'> <InPorts = 2> <OutPorts = 1>
ST_1 : Operation 44 [1/1] (0.00ns)   --->   "%tmp_13 = call i32 @_ssdm_op_PartSelect.i32.i512.i32.i32(i512 %M_data_read_1, i32 448, i32 479)" [/home/pastoikos/Documents/Ultrascale_integrate_HLS/include/commons.h:335]   --->   Operation 44 'partselect' 'tmp_13' <Predicate = true> <Delay = 0.00>

State 2 <SV = 1> <Delay = 8.41>
ST_2 : Operation 45 [1/2] (8.41ns)   --->   "%tmp_i = fmul float %val_x, %v_x_read_1" [/home/pastoikos/Documents/Ultrascale_integrate_HLS/thirdparty/cutil_math.h:1070->/home/pastoikos/Documents/Ultrascale_integrate_HLS/include/commons.h:333]   --->   Operation 45 'fmul' 'tmp_i' <Predicate = true> <Delay = 8.41> <Core = "FMul">   --->   Core 105 'FMul' <Latency = 1> <II = 1> <Delay = 8.41> <FuncUnit> <Opcode : 'fmul'> <InPorts = 2> <OutPorts = 1>
ST_2 : Operation 46 [1/2] (8.41ns)   --->   "%tmp_i_15 = fmul float %val_y, %v_y_read_1" [/home/pastoikos/Documents/Ultrascale_integrate_HLS/thirdparty/cutil_math.h:1070->/home/pastoikos/Documents/Ultrascale_integrate_HLS/include/commons.h:333]   --->   Operation 46 'fmul' 'tmp_i_15' <Predicate = true> <Delay = 8.41> <Core = "FMul">   --->   Core 105 'FMul' <Latency = 1> <II = 1> <Delay = 8.41> <FuncUnit> <Opcode : 'fmul'> <InPorts = 2> <OutPorts = 1>
ST_2 : Operation 47 [1/2] (8.41ns)   --->   "%tmp_20_i = fmul float %val_z, %v_z_read_1" [/home/pastoikos/Documents/Ultrascale_integrate_HLS/thirdparty/cutil_math.h:1070->/home/pastoikos/Documents/Ultrascale_integrate_HLS/include/commons.h:333]   --->   Operation 47 'fmul' 'tmp_20_i' <Predicate = true> <Delay = 8.41> <Core = "FMul">   --->   Core 105 'FMul' <Latency = 1> <II = 1> <Delay = 8.41> <FuncUnit> <Opcode : 'fmul'> <InPorts = 2> <OutPorts = 1>
ST_2 : Operation 48 [1/2] (8.41ns)   --->   "%tmp_i4 = fmul float %val_x_1, %v_x_read_1" [/home/pastoikos/Documents/Ultrascale_integrate_HLS/thirdparty/cutil_math.h:1070->/home/pastoikos/Documents/Ultrascale_integrate_HLS/include/commons.h:334]   --->   Operation 48 'fmul' 'tmp_i4' <Predicate = true> <Delay = 8.41> <Core = "FMul">   --->   Core 105 'FMul' <Latency = 1> <II = 1> <Delay = 8.41> <FuncUnit> <Opcode : 'fmul'> <InPorts = 2> <OutPorts = 1>
ST_2 : Operation 49 [1/2] (8.41ns)   --->   "%tmp_i5 = fmul float %val_y_1, %v_y_read_1" [/home/pastoikos/Documents/Ultrascale_integrate_HLS/thirdparty/cutil_math.h:1070->/home/pastoikos/Documents/Ultrascale_integrate_HLS/include/commons.h:334]   --->   Operation 49 'fmul' 'tmp_i5' <Predicate = true> <Delay = 8.41> <Core = "FMul">   --->   Core 105 'FMul' <Latency = 1> <II = 1> <Delay = 8.41> <FuncUnit> <Opcode : 'fmul'> <InPorts = 2> <OutPorts = 1>
ST_2 : Operation 50 [1/2] (8.41ns)   --->   "%tmp_20_i7 = fmul float %val_z_1, %v_z_read_1" [/home/pastoikos/Documents/Ultrascale_integrate_HLS/thirdparty/cutil_math.h:1070->/home/pastoikos/Documents/Ultrascale_integrate_HLS/include/commons.h:334]   --->   Operation 50 'fmul' 'tmp_20_i7' <Predicate = true> <Delay = 8.41> <Core = "FMul">   --->   Core 105 'FMul' <Latency = 1> <II = 1> <Delay = 8.41> <FuncUnit> <Opcode : 'fmul'> <InPorts = 2> <OutPorts = 1>
ST_2 : Operation 51 [1/2] (8.41ns)   --->   "%tmp_i1 = fmul float %val_x_2, %v_x_read_1" [/home/pastoikos/Documents/Ultrascale_integrate_HLS/thirdparty/cutil_math.h:1070->/home/pastoikos/Documents/Ultrascale_integrate_HLS/include/commons.h:335]   --->   Operation 51 'fmul' 'tmp_i1' <Predicate = true> <Delay = 8.41> <Core = "FMul">   --->   Core 105 'FMul' <Latency = 1> <II = 1> <Delay = 8.41> <FuncUnit> <Opcode : 'fmul'> <InPorts = 2> <OutPorts = 1>
ST_2 : Operation 52 [1/2] (8.41ns)   --->   "%tmp_i1_16 = fmul float %val_y_2, %v_y_read_1" [/home/pastoikos/Documents/Ultrascale_integrate_HLS/thirdparty/cutil_math.h:1070->/home/pastoikos/Documents/Ultrascale_integrate_HLS/include/commons.h:335]   --->   Operation 52 'fmul' 'tmp_i1_16' <Predicate = true> <Delay = 8.41> <Core = "FMul">   --->   Core 105 'FMul' <Latency = 1> <II = 1> <Delay = 8.41> <FuncUnit> <Opcode : 'fmul'> <InPorts = 2> <OutPorts = 1>
ST_2 : Operation 53 [1/2] (8.41ns)   --->   "%tmp_20_i1 = fmul float %val_z_2, %v_z_read_1" [/home/pastoikos/Documents/Ultrascale_integrate_HLS/thirdparty/cutil_math.h:1070->/home/pastoikos/Documents/Ultrascale_integrate_HLS/include/commons.h:335]   --->   Operation 53 'fmul' 'tmp_20_i1' <Predicate = true> <Delay = 8.41> <Core = "FMul">   --->   Core 105 'FMul' <Latency = 1> <II = 1> <Delay = 8.41> <FuncUnit> <Opcode : 'fmul'> <InPorts = 2> <OutPorts = 1>

State 3 <SV = 2> <Delay = 6.43>
ST_3 : Operation 54 [1/1] (0.00ns)   --->   "%tmp_7 = bitcast i32 %tmp_4 to float" [/home/pastoikos/Documents/Ultrascale_integrate_HLS/include/commons.h:333]   --->   Operation 54 'bitcast' 'tmp_7' <Predicate = true> <Delay = 0.00>
ST_3 : Operation 55 [4/4] (6.43ns)   --->   "%tmp = fadd float %tmp_i, %tmp_i_15" [/home/pastoikos/Documents/Ultrascale_integrate_HLS/include/commons.h:333]   --->   Operation 55 'fadd' 'tmp' <Predicate = true> <Delay = 6.43> <Core = "FAddSub">   --->   Core 104 'FAddSub' <Latency = 3> <II = 1> <Delay = 6.43> <FuncUnit> <Opcode : 'fadd' 'fsub'> <InPorts = 2> <OutPorts = 1>
ST_3 : Operation 56 [4/4] (6.43ns)   --->   "%tmp1 = fadd float %tmp_20_i, %tmp_7" [/home/pastoikos/Documents/Ultrascale_integrate_HLS/include/commons.h:333]   --->   Operation 56 'fadd' 'tmp1' <Predicate = true> <Delay = 6.43> <Core = "FAddSub">   --->   Core 104 'FAddSub' <Latency = 3> <II = 1> <Delay = 6.43> <FuncUnit> <Opcode : 'fadd' 'fsub'> <InPorts = 2> <OutPorts = 1>
ST_3 : Operation 57 [1/1] (0.00ns)   --->   "%tmp_5 = bitcast i32 %tmp_3 to float" [/home/pastoikos/Documents/Ultrascale_integrate_HLS/include/commons.h:334]   --->   Operation 57 'bitcast' 'tmp_5' <Predicate = true> <Delay = 0.00>
ST_3 : Operation 58 [4/4] (6.43ns)   --->   "%tmp2 = fadd float %tmp_i4, %tmp_i5" [/home/pastoikos/Documents/Ultrascale_integrate_HLS/include/commons.h:334]   --->   Operation 58 'fadd' 'tmp2' <Predicate = true> <Delay = 6.43> <Core = "FAddSub">   --->   Core 104 'FAddSub' <Latency = 3> <II = 1> <Delay = 6.43> <FuncUnit> <Opcode : 'fadd' 'fsub'> <InPorts = 2> <OutPorts = 1>
ST_3 : Operation 59 [4/4] (6.43ns)   --->   "%tmp3 = fadd float %tmp_20_i7, %tmp_5" [/home/pastoikos/Documents/Ultrascale_integrate_HLS/include/commons.h:334]   --->   Operation 59 'fadd' 'tmp3' <Predicate = true> <Delay = 6.43> <Core = "FAddSub">   --->   Core 104 'FAddSub' <Latency = 3> <II = 1> <Delay = 6.43> <FuncUnit> <Opcode : 'fadd' 'fsub'> <InPorts = 2> <OutPorts = 1>
ST_3 : Operation 60 [1/1] (0.00ns)   --->   "%tmp_14 = bitcast i32 %tmp_13 to float" [/home/pastoikos/Documents/Ultrascale_integrate_HLS/include/commons.h:335]   --->   Operation 60 'bitcast' 'tmp_14' <Predicate = true> <Delay = 0.00>
ST_3 : Operation 61 [4/4] (6.43ns)   --->   "%tmp4 = fadd float %tmp_i1, %tmp_i1_16" [/home/pastoikos/Documents/Ultrascale_integrate_HLS/include/commons.h:335]   --->   Operation 61 'fadd' 'tmp4' <Predicate = true> <Delay = 6.43> <Core = "FAddSub">   --->   Core 104 'FAddSub' <Latency = 3> <II = 1> <Delay = 6.43> <FuncUnit> <Opcode : 'fadd' 'fsub'> <InPorts = 2> <OutPorts = 1>
ST_3 : Operation 62 [4/4] (6.43ns)   --->   "%tmp5 = fadd float %tmp_20_i1, %tmp_14" [/home/pastoikos/Documents/Ultrascale_integrate_HLS/include/commons.h:335]   --->   Operation 62 'fadd' 'tmp5' <Predicate = true> <Delay = 6.43> <Core = "FAddSub">   --->   Core 104 'FAddSub' <Latency = 3> <II = 1> <Delay = 6.43> <FuncUnit> <Opcode : 'fadd' 'fsub'> <InPorts = 2> <OutPorts = 1>

State 4 <SV = 3> <Delay = 6.43>
ST_4 : Operation 63 [3/4] (6.43ns)   --->   "%tmp = fadd float %tmp_i, %tmp_i_15" [/home/pastoikos/Documents/Ultrascale_integrate_HLS/include/commons.h:333]   --->   Operation 63 'fadd' 'tmp' <Predicate = true> <Delay = 6.43> <Core = "FAddSub">   --->   Core 104 'FAddSub' <Latency = 3> <II = 1> <Delay = 6.43> <FuncUnit> <Opcode : 'fadd' 'fsub'> <InPorts = 2> <OutPorts = 1>
ST_4 : Operation 64 [3/4] (6.43ns)   --->   "%tmp1 = fadd float %tmp_20_i, %tmp_7" [/home/pastoikos/Documents/Ultrascale_integrate_HLS/include/commons.h:333]   --->   Operation 64 'fadd' 'tmp1' <Predicate = true> <Delay = 6.43> <Core = "FAddSub">   --->   Core 104 'FAddSub' <Latency = 3> <II = 1> <Delay = 6.43> <FuncUnit> <Opcode : 'fadd' 'fsub'> <InPorts = 2> <OutPorts = 1>
ST_4 : Operation 65 [3/4] (6.43ns)   --->   "%tmp2 = fadd float %tmp_i4, %tmp_i5" [/home/pastoikos/Documents/Ultrascale_integrate_HLS/include/commons.h:334]   --->   Operation 65 'fadd' 'tmp2' <Predicate = true> <Delay = 6.43> <Core = "FAddSub">   --->   Core 104 'FAddSub' <Latency = 3> <II = 1> <Delay = 6.43> <FuncUnit> <Opcode : 'fadd' 'fsub'> <InPorts = 2> <OutPorts = 1>
ST_4 : Operation 66 [3/4] (6.43ns)   --->   "%tmp3 = fadd float %tmp_20_i7, %tmp_5" [/home/pastoikos/Documents/Ultrascale_integrate_HLS/include/commons.h:334]   --->   Operation 66 'fadd' 'tmp3' <Predicate = true> <Delay = 6.43> <Core = "FAddSub">   --->   Core 104 'FAddSub' <Latency = 3> <II = 1> <Delay = 6.43> <FuncUnit> <Opcode : 'fadd' 'fsub'> <InPorts = 2> <OutPorts = 1>
ST_4 : Operation 67 [3/4] (6.43ns)   --->   "%tmp4 = fadd float %tmp_i1, %tmp_i1_16" [/home/pastoikos/Documents/Ultrascale_integrate_HLS/include/commons.h:335]   --->   Operation 67 'fadd' 'tmp4' <Predicate = true> <Delay = 6.43> <Core = "FAddSub">   --->   Core 104 'FAddSub' <Latency = 3> <II = 1> <Delay = 6.43> <FuncUnit> <Opcode : 'fadd' 'fsub'> <InPorts = 2> <OutPorts = 1>
ST_4 : Operation 68 [3/4] (6.43ns)   --->   "%tmp5 = fadd float %tmp_20_i1, %tmp_14" [/home/pastoikos/Documents/Ultrascale_integrate_HLS/include/commons.h:335]   --->   Operation 68 'fadd' 'tmp5' <Predicate = true> <Delay = 6.43> <Core = "FAddSub">   --->   Core 104 'FAddSub' <Latency = 3> <II = 1> <Delay = 6.43> <FuncUnit> <Opcode : 'fadd' 'fsub'> <InPorts = 2> <OutPorts = 1>

State 5 <SV = 4> <Delay = 6.43>
ST_5 : Operation 69 [2/4] (6.43ns)   --->   "%tmp = fadd float %tmp_i, %tmp_i_15" [/home/pastoikos/Documents/Ultrascale_integrate_HLS/include/commons.h:333]   --->   Operation 69 'fadd' 'tmp' <Predicate = true> <Delay = 6.43> <Core = "FAddSub">   --->   Core 104 'FAddSub' <Latency = 3> <II = 1> <Delay = 6.43> <FuncUnit> <Opcode : 'fadd' 'fsub'> <InPorts = 2> <OutPorts = 1>
ST_5 : Operation 70 [2/4] (6.43ns)   --->   "%tmp1 = fadd float %tmp_20_i, %tmp_7" [/home/pastoikos/Documents/Ultrascale_integrate_HLS/include/commons.h:333]   --->   Operation 70 'fadd' 'tmp1' <Predicate = true> <Delay = 6.43> <Core = "FAddSub">   --->   Core 104 'FAddSub' <Latency = 3> <II = 1> <Delay = 6.43> <FuncUnit> <Opcode : 'fadd' 'fsub'> <InPorts = 2> <OutPorts = 1>
ST_5 : Operation 71 [2/4] (6.43ns)   --->   "%tmp2 = fadd float %tmp_i4, %tmp_i5" [/home/pastoikos/Documents/Ultrascale_integrate_HLS/include/commons.h:334]   --->   Operation 71 'fadd' 'tmp2' <Predicate = true> <Delay = 6.43> <Core = "FAddSub">   --->   Core 104 'FAddSub' <Latency = 3> <II = 1> <Delay = 6.43> <FuncUnit> <Opcode : 'fadd' 'fsub'> <InPorts = 2> <OutPorts = 1>
ST_5 : Operation 72 [2/4] (6.43ns)   --->   "%tmp3 = fadd float %tmp_20_i7, %tmp_5" [/home/pastoikos/Documents/Ultrascale_integrate_HLS/include/commons.h:334]   --->   Operation 72 'fadd' 'tmp3' <Predicate = true> <Delay = 6.43> <Core = "FAddSub">   --->   Core 104 'FAddSub' <Latency = 3> <II = 1> <Delay = 6.43> <FuncUnit> <Opcode : 'fadd' 'fsub'> <InPorts = 2> <OutPorts = 1>
ST_5 : Operation 73 [2/4] (6.43ns)   --->   "%tmp4 = fadd float %tmp_i1, %tmp_i1_16" [/home/pastoikos/Documents/Ultrascale_integrate_HLS/include/commons.h:335]   --->   Operation 73 'fadd' 'tmp4' <Predicate = true> <Delay = 6.43> <Core = "FAddSub">   --->   Core 104 'FAddSub' <Latency = 3> <II = 1> <Delay = 6.43> <FuncUnit> <Opcode : 'fadd' 'fsub'> <InPorts = 2> <OutPorts = 1>
ST_5 : Operation 74 [2/4] (6.43ns)   --->   "%tmp5 = fadd float %tmp_20_i1, %tmp_14" [/home/pastoikos/Documents/Ultrascale_integrate_HLS/include/commons.h:335]   --->   Operation 74 'fadd' 'tmp5' <Predicate = true> <Delay = 6.43> <Core = "FAddSub">   --->   Core 104 'FAddSub' <Latency = 3> <II = 1> <Delay = 6.43> <FuncUnit> <Opcode : 'fadd' 'fsub'> <InPorts = 2> <OutPorts = 1>

State 6 <SV = 5> <Delay = 6.43>
ST_6 : Operation 75 [1/4] (6.43ns)   --->   "%tmp = fadd float %tmp_i, %tmp_i_15" [/home/pastoikos/Documents/Ultrascale_integrate_HLS/include/commons.h:333]   --->   Operation 75 'fadd' 'tmp' <Predicate = true> <Delay = 6.43> <Core = "FAddSub">   --->   Core 104 'FAddSub' <Latency = 3> <II = 1> <Delay = 6.43> <FuncUnit> <Opcode : 'fadd' 'fsub'> <InPorts = 2> <OutPorts = 1>
ST_6 : Operation 76 [1/4] (6.43ns)   --->   "%tmp1 = fadd float %tmp_20_i, %tmp_7" [/home/pastoikos/Documents/Ultrascale_integrate_HLS/include/commons.h:333]   --->   Operation 76 'fadd' 'tmp1' <Predicate = true> <Delay = 6.43> <Core = "FAddSub">   --->   Core 104 'FAddSub' <Latency = 3> <II = 1> <Delay = 6.43> <FuncUnit> <Opcode : 'fadd' 'fsub'> <InPorts = 2> <OutPorts = 1>
ST_6 : Operation 77 [1/4] (6.43ns)   --->   "%tmp2 = fadd float %tmp_i4, %tmp_i5" [/home/pastoikos/Documents/Ultrascale_integrate_HLS/include/commons.h:334]   --->   Operation 77 'fadd' 'tmp2' <Predicate = true> <Delay = 6.43> <Core = "FAddSub">   --->   Core 104 'FAddSub' <Latency = 3> <II = 1> <Delay = 6.43> <FuncUnit> <Opcode : 'fadd' 'fsub'> <InPorts = 2> <OutPorts = 1>
ST_6 : Operation 78 [1/4] (6.43ns)   --->   "%tmp3 = fadd float %tmp_20_i7, %tmp_5" [/home/pastoikos/Documents/Ultrascale_integrate_HLS/include/commons.h:334]   --->   Operation 78 'fadd' 'tmp3' <Predicate = true> <Delay = 6.43> <Core = "FAddSub">   --->   Core 104 'FAddSub' <Latency = 3> <II = 1> <Delay = 6.43> <FuncUnit> <Opcode : 'fadd' 'fsub'> <InPorts = 2> <OutPorts = 1>
ST_6 : Operation 79 [1/4] (6.43ns)   --->   "%tmp4 = fadd float %tmp_i1, %tmp_i1_16" [/home/pastoikos/Documents/Ultrascale_integrate_HLS/include/commons.h:335]   --->   Operation 79 'fadd' 'tmp4' <Predicate = true> <Delay = 6.43> <Core = "FAddSub">   --->   Core 104 'FAddSub' <Latency = 3> <II = 1> <Delay = 6.43> <FuncUnit> <Opcode : 'fadd' 'fsub'> <InPorts = 2> <OutPorts = 1>
ST_6 : Operation 80 [1/4] (6.43ns)   --->   "%tmp5 = fadd float %tmp_20_i1, %tmp_14" [/home/pastoikos/Documents/Ultrascale_integrate_HLS/include/commons.h:335]   --->   Operation 80 'fadd' 'tmp5' <Predicate = true> <Delay = 6.43> <Core = "FAddSub">   --->   Core 104 'FAddSub' <Latency = 3> <II = 1> <Delay = 6.43> <FuncUnit> <Opcode : 'fadd' 'fsub'> <InPorts = 2> <OutPorts = 1>

State 7 <SV = 6> <Delay = 6.43>
ST_7 : Operation 81 [4/4] (6.43ns)   --->   "%val_x_3 = fadd float %tmp1, %tmp" [/home/pastoikos/Documents/Ultrascale_integrate_HLS/include/commons.h:333]   --->   Operation 81 'fadd' 'val_x_3' <Predicate = true> <Delay = 6.43> <Core = "FAddSub">   --->   Core 104 'FAddSub' <Latency = 3> <II = 1> <Delay = 6.43> <FuncUnit> <Opcode : 'fadd' 'fsub'> <InPorts = 2> <OutPorts = 1>
ST_7 : Operation 82 [4/4] (6.43ns)   --->   "%val_y_3 = fadd float %tmp3, %tmp2" [/home/pastoikos/Documents/Ultrascale_integrate_HLS/include/commons.h:334]   --->   Operation 82 'fadd' 'val_y_3' <Predicate = true> <Delay = 6.43> <Core = "FAddSub">   --->   Core 104 'FAddSub' <Latency = 3> <II = 1> <Delay = 6.43> <FuncUnit> <Opcode : 'fadd' 'fsub'> <InPorts = 2> <OutPorts = 1>
ST_7 : Operation 83 [4/4] (6.43ns)   --->   "%val_z_3 = fadd float %tmp5, %tmp4" [/home/pastoikos/Documents/Ultrascale_integrate_HLS/include/commons.h:335]   --->   Operation 83 'fadd' 'val_z_3' <Predicate = true> <Delay = 6.43> <Core = "FAddSub">   --->   Core 104 'FAddSub' <Latency = 3> <II = 1> <Delay = 6.43> <FuncUnit> <Opcode : 'fadd' 'fsub'> <InPorts = 2> <OutPorts = 1>

State 8 <SV = 7> <Delay = 6.43>
ST_8 : Operation 84 [3/4] (6.43ns)   --->   "%val_x_3 = fadd float %tmp1, %tmp" [/home/pastoikos/Documents/Ultrascale_integrate_HLS/include/commons.h:333]   --->   Operation 84 'fadd' 'val_x_3' <Predicate = true> <Delay = 6.43> <Core = "FAddSub">   --->   Core 104 'FAddSub' <Latency = 3> <II = 1> <Delay = 6.43> <FuncUnit> <Opcode : 'fadd' 'fsub'> <InPorts = 2> <OutPorts = 1>
ST_8 : Operation 85 [3/4] (6.43ns)   --->   "%val_y_3 = fadd float %tmp3, %tmp2" [/home/pastoikos/Documents/Ultrascale_integrate_HLS/include/commons.h:334]   --->   Operation 85 'fadd' 'val_y_3' <Predicate = true> <Delay = 6.43> <Core = "FAddSub">   --->   Core 104 'FAddSub' <Latency = 3> <II = 1> <Delay = 6.43> <FuncUnit> <Opcode : 'fadd' 'fsub'> <InPorts = 2> <OutPorts = 1>
ST_8 : Operation 86 [3/4] (6.43ns)   --->   "%val_z_3 = fadd float %tmp5, %tmp4" [/home/pastoikos/Documents/Ultrascale_integrate_HLS/include/commons.h:335]   --->   Operation 86 'fadd' 'val_z_3' <Predicate = true> <Delay = 6.43> <Core = "FAddSub">   --->   Core 104 'FAddSub' <Latency = 3> <II = 1> <Delay = 6.43> <FuncUnit> <Opcode : 'fadd' 'fsub'> <InPorts = 2> <OutPorts = 1>

State 9 <SV = 8> <Delay = 6.43>
ST_9 : Operation 87 [2/4] (6.43ns)   --->   "%val_x_3 = fadd float %tmp1, %tmp" [/home/pastoikos/Documents/Ultrascale_integrate_HLS/include/commons.h:333]   --->   Operation 87 'fadd' 'val_x_3' <Predicate = true> <Delay = 6.43> <Core = "FAddSub">   --->   Core 104 'FAddSub' <Latency = 3> <II = 1> <Delay = 6.43> <FuncUnit> <Opcode : 'fadd' 'fsub'> <InPorts = 2> <OutPorts = 1>
ST_9 : Operation 88 [2/4] (6.43ns)   --->   "%val_y_3 = fadd float %tmp3, %tmp2" [/home/pastoikos/Documents/Ultrascale_integrate_HLS/include/commons.h:334]   --->   Operation 88 'fadd' 'val_y_3' <Predicate = true> <Delay = 6.43> <Core = "FAddSub">   --->   Core 104 'FAddSub' <Latency = 3> <II = 1> <Delay = 6.43> <FuncUnit> <Opcode : 'fadd' 'fsub'> <InPorts = 2> <OutPorts = 1>
ST_9 : Operation 89 [2/4] (6.43ns)   --->   "%val_z_3 = fadd float %tmp5, %tmp4" [/home/pastoikos/Documents/Ultrascale_integrate_HLS/include/commons.h:335]   --->   Operation 89 'fadd' 'val_z_3' <Predicate = true> <Delay = 6.43> <Core = "FAddSub">   --->   Core 104 'FAddSub' <Latency = 3> <II = 1> <Delay = 6.43> <FuncUnit> <Opcode : 'fadd' 'fsub'> <InPorts = 2> <OutPorts = 1>

State 10 <SV = 9> <Delay = 6.43>
ST_10 : Operation 90 [1/4] (6.43ns)   --->   "%val_x_3 = fadd float %tmp1, %tmp" [/home/pastoikos/Documents/Ultrascale_integrate_HLS/include/commons.h:333]   --->   Operation 90 'fadd' 'val_x_3' <Predicate = true> <Delay = 6.43> <Core = "FAddSub">   --->   Core 104 'FAddSub' <Latency = 3> <II = 1> <Delay = 6.43> <FuncUnit> <Opcode : 'fadd' 'fsub'> <InPorts = 2> <OutPorts = 1>
ST_10 : Operation 91 [1/4] (6.43ns)   --->   "%val_y_3 = fadd float %tmp3, %tmp2" [/home/pastoikos/Documents/Ultrascale_integrate_HLS/include/commons.h:334]   --->   Operation 91 'fadd' 'val_y_3' <Predicate = true> <Delay = 6.43> <Core = "FAddSub">   --->   Core 104 'FAddSub' <Latency = 3> <II = 1> <Delay = 6.43> <FuncUnit> <Opcode : 'fadd' 'fsub'> <InPorts = 2> <OutPorts = 1>
ST_10 : Operation 92 [1/4] (6.43ns)   --->   "%val_z_3 = fadd float %tmp5, %tmp4" [/home/pastoikos/Documents/Ultrascale_integrate_HLS/include/commons.h:335]   --->   Operation 92 'fadd' 'val_z_3' <Predicate = true> <Delay = 6.43> <Core = "FAddSub">   --->   Core 104 'FAddSub' <Latency = 3> <II = 1> <Delay = 6.43> <FuncUnit> <Opcode : 'fadd' 'fsub'> <InPorts = 2> <OutPorts = 1>
ST_10 : Operation 93 [1/1] (0.00ns)   --->   "%mrv_i = insertvalue { float, float, float } undef, float %val_x_3, 0" [/home/pastoikos/Documents/Ultrascale_integrate_HLS/thirdparty/vector_types.h:376->/home/pastoikos/Documents/Ultrascale_integrate_HLS/include/commons.h:335]   --->   Operation 93 'insertvalue' 'mrv_i' <Predicate = true> <Delay = 0.00>
ST_10 : Operation 94 [1/1] (0.00ns)   --->   "%mrv_1_i = insertvalue { float, float, float } %mrv_i, float %val_y_3, 1" [/home/pastoikos/Documents/Ultrascale_integrate_HLS/thirdparty/vector_types.h:376->/home/pastoikos/Documents/Ultrascale_integrate_HLS/include/commons.h:335]   --->   Operation 94 'insertvalue' 'mrv_1_i' <Predicate = true> <Delay = 0.00>
ST_10 : Operation 95 [1/1] (0.00ns)   --->   "%mrv_2_i = insertvalue { float, float, float } %mrv_1_i, float %val_z_3, 2" [/home/pastoikos/Documents/Ultrascale_integrate_HLS/thirdparty/vector_types.h:376->/home/pastoikos/Documents/Ultrascale_integrate_HLS/include/commons.h:335]   --->   Operation 95 'insertvalue' 'mrv_2_i' <Predicate = true> <Delay = 0.00>
ST_10 : Operation 96 [1/1] (0.00ns)   --->   "ret { float, float, float } %mrv_2_i" [/home/pastoikos/Documents/Ultrascale_integrate_HLS/include/commons.h:335]   --->   Operation 96 'ret' <Predicate = true> <Delay = 0.00>


============================================================
+ Verbose Summary: Timing violations
============================================================
Target clock period: 10ns, clock uncertainty: 1.25ns.

 <State 1>: 8.42ns
The critical path consists of the following:
	wire read on port 'v_z_read' (/home/pastoikos/Documents/Ultrascale_integrate_HLS/include/commons.h:331) [5]  (0 ns)
	'fmul' operation ('tmp_20_i', /home/pastoikos/Documents/Ultrascale_integrate_HLS/thirdparty/cutil_math.h:1070->/home/pastoikos/Documents/Ultrascale_integrate_HLS/include/commons.h:333) [17]  (8.42 ns)

 <State 2>: 8.42ns
The critical path consists of the following:
	'fmul' operation ('tmp_i', /home/pastoikos/Documents/Ultrascale_integrate_HLS/thirdparty/cutil_math.h:1070->/home/pastoikos/Documents/Ultrascale_integrate_HLS/include/commons.h:333) [15]  (8.42 ns)

 <State 3>: 6.44ns
The critical path consists of the following:
	'fadd' operation ('tmp1', /home/pastoikos/Documents/Ultrascale_integrate_HLS/include/commons.h:333) [21]  (6.44 ns)

 <State 4>: 6.44ns
The critical path consists of the following:
	'fadd' operation ('tmp', /home/pastoikos/Documents/Ultrascale_integrate_HLS/include/commons.h:333) [20]  (6.44 ns)

 <State 5>: 6.44ns
The critical path consists of the following:
	'fadd' operation ('tmp', /home/pastoikos/Documents/Ultrascale_integrate_HLS/include/commons.h:333) [20]  (6.44 ns)

 <State 6>: 6.44ns
The critical path consists of the following:
	'fadd' operation ('tmp', /home/pastoikos/Documents/Ultrascale_integrate_HLS/include/commons.h:333) [20]  (6.44 ns)

 <State 7>: 6.44ns
The critical path consists of the following:
	'fadd' operation ('x', /home/pastoikos/Documents/Ultrascale_integrate_HLS/include/commons.h:333) [22]  (6.44 ns)

 <State 8>: 6.44ns
The critical path consists of the following:
	'fadd' operation ('x', /home/pastoikos/Documents/Ultrascale_integrate_HLS/include/commons.h:333) [22]  (6.44 ns)

 <State 9>: 6.44ns
The critical path consists of the following:
	'fadd' operation ('x', /home/pastoikos/Documents/Ultrascale_integrate_HLS/include/commons.h:333) [22]  (6.44 ns)

 <State 10>: 6.44ns
The critical path consists of the following:
	'fadd' operation ('x', /home/pastoikos/Documents/Ultrascale_integrate_HLS/include/commons.h:333) [22]  (6.44 ns)


============================================================
+ Verbose Summary: Binding
============================================================
N/A
* FSMD analyzer results:
  - Output states:
 - Input state : 
  - Chain level:
	State 1
	State 2
	State 3
	State 4
	State 5
	State 6
	State 7
	State 8
	State 9
	State 10


============================================================
+ Verbose Summary: Datapath Resource usage 
============================================================
N/A
