INFO-FLOW: Workspace /home/pastoikos/Documents/bilateralFilterKernel_HLS/solution1 opened at Fri Jan 17 12:43:59 EET 2020
Execute     config_clock -quiet -name default -period 3.11 -default=false 
INFO: [SYN 201-201] Setting up clock 'default' with a period of 3.11ns.
Execute     config_clock -quiet -name default -uncertainty 0.389 -unit % 
INFO: [SYN 201-201] Setting up clock 'default' with an uncertainty of 0.389ns.
Execute     open_platform DefaultPlatform 
Execute     import_lib /tools/Xilinx/Vivado/2018.3/common/technology/xilinx/zynquplus/zynquplus 
Execute       source /tools/Xilinx/Vivado/2018.3/common/technology/xilinx/common/xilinx.lib 
Execute         source /tools/Xilinx/Vivado/2018.3/common/technology/xilinx/interface/xilinx_interface.lib 
Execute           source /tools/Xilinx/Vivado/2018.3/common/technology/xilinx/interface/plb46.lib 
Execute           source /tools/Xilinx/Vivado/2018.3/common/technology/xilinx/interface/fsl.lib 
Execute           source /tools/Xilinx/Vivado/2018.3/common/technology/xilinx/interface/axi4.lib 
Execute           source /tools/Xilinx/Vivado/2018.3/common/technology/xilinx/interface/maxi.lib 
Execute           source /tools/Xilinx/Vivado/2018.3/common/technology/xilinx/interface/saxilite.lib 
Execute         source /tools/Xilinx/Vivado/2018.3/common/technology/xilinx/common/dsp48.lib 
Execute         source /tools/Xilinx/Vivado/2018.3/common/technology/xilinx/ip/dds_compiler.lib 
Execute         source /tools/Xilinx/Vivado/2018.3/common/technology/xilinx/ip/xfir.lib 
Execute         source /tools/Xilinx/Vivado/2018.3/common/technology/xilinx/ip/xfft.lib 
Execute       source /tools/Xilinx/Vivado/2018.3/common/technology/xilinx/common/xilinx_old.lib 
Execute       source /tools/Xilinx/Vivado/2018.3/common/technology/xilinx/common/xilinx_vivado.lib 
Execute       source /tools/Xilinx/Vivado/2018.3/common/technology/xilinx/common/xilinx.hlp 
Execute         source /tools/Xilinx/Vivado/2018.3/common/technology/xilinx/common/target_info.tcl 
Execute         source /tools/Xilinx/Vivado/2018.3/common/technology/xilinx/interface/xilinx_interface.hlp 
Execute           source /tools/Xilinx/Vivado/2018.3/common/technology/xilinx/interface/maxi.hlp 
Execute           source /tools/Xilinx/Vivado/2018.3/common/technology/xilinx/interface/saxilite.hlp 
Execute         source /tools/Xilinx/Vivado/2018.3/common/technology/xilinx/common/dsp48.hlp 
Execute       source /tools/Xilinx/Vivado/2018.3/common/technology/xilinx/zynquplus/dsp48e2.hlp 
Execute       get_default_platform 
Execute       config_chip_info -quiet -resource  {SLICE 34260} {LUT 274080}   {FF 548160}  {DSP48E 2520}  {BRAM 1824} {URAM 0}  
Execute       config_chip_info -quiet -speed medium 
Execute       source /tools/Xilinx/Vivado/2018.3/common/technology/xilinx/common/xilinx.hlp 
Execute         source /tools/Xilinx/Vivado/2018.3/common/technology/xilinx/common/target_info.tcl 
Execute         source /tools/Xilinx/Vivado/2018.3/common/technology/xilinx/interface/xilinx_interface.hlp 
Execute           source /tools/Xilinx/Vivado/2018.3/common/technology/xilinx/interface/maxi.hlp 
Execute           source /tools/Xilinx/Vivado/2018.3/common/technology/xilinx/interface/saxilite.hlp 
Execute         source /tools/Xilinx/Vivado/2018.3/common/technology/xilinx/common/dsp48.hlp 
Execute     source /tools/Xilinx/Vivado/2018.3/common/technology/xilinx/zynquplus/zynquplus.gen 
Execute       source /tools/Xilinx/Vivado/2018.3/common/technology/xilinx/common/virtex.gen 
Execute         source /tools/Xilinx/Vivado/2018.3/common/technology/xilinx/common/xilinx.gen 
Execute           source /tools/Xilinx/Vivado/2018.3/common/technology/xilinx/interface/plb46.gen 
Execute           source /tools/Xilinx/Vivado/2018.3/common/technology/xilinx/interface/fsl.gen 
Execute           source /tools/Xilinx/Vivado/2018.3/common/technology/xilinx/interface/axi4.gen 
Execute           source /tools/Xilinx/Vivado/2018.3/common/technology/xilinx/interface/nativeAXI4.gen 
Execute             source /tools/Xilinx/Vivado/2018.3/common/technology/xilinx/interface/saxilite.gen 
Execute             source /tools/Xilinx/Vivado/2018.3/common/technology/xilinx/interface/maxi.gen 
Execute           source /tools/Xilinx/Vivado/2018.3/common/technology/xilinx/scripts/xilinxcoregen.gen 
Execute           source /tools/Xilinx/Vivado/2018.3/common/technology/xilinx/interface/XilEDKCoreGen.gen 
Execute           source /tools/Xilinx/Vivado/2018.3/common/technology/xilinx/ip/dds_compiler.gen 
Execute           source /tools/Xilinx/Vivado/2018.3/common/technology/xilinx/ip/util.gen 
Execute           source /tools/Xilinx/Vivado/2018.3/common/technology/xilinx/ip/xfft.gen 
Execute           source /tools/Xilinx/Vivado/2018.3/common/technology/xilinx/ip/xfir.gen 
Command         ap_source done; 0.12 sec.
Execute         source /tools/Xilinx/Vivado/2018.3/common/technology/xilinx/common/dsp48.gen 
Command       ap_source done; 0.12 sec.
Command     ap_source done; 0.12 sec.
Execute     open_platform DefaultPlatform 
Execute     import_lib /tools/Xilinx/Vivado/2018.3/common/technology/xilinx/zynquplus/zynquplus_fpv7 
Execute       source /tools/Xilinx/Vivado/2018.3/common/technology/xilinx/common/xilinx_fpv7.lib 
Execute         source /tools/Xilinx/Vivado/2018.3/common/technology/xilinx/common/xilinx_hp.lib 
Execute       source /tools/Xilinx/Vivado/2018.3/common/technology/xilinx/common/xilinx_fpv.hlp 
Execute         source /tools/Xilinx/Vivado/2018.3/common/technology/xilinx/common/xilinx.hlp 
Execute           source /tools/Xilinx/Vivado/2018.3/common/technology/xilinx/common/target_info.tcl 
Execute           source /tools/Xilinx/Vivado/2018.3/common/technology/xilinx/interface/xilinx_interface.hlp 
Execute             source /tools/Xilinx/Vivado/2018.3/common/technology/xilinx/interface/maxi.hlp 
Execute             source /tools/Xilinx/Vivado/2018.3/common/technology/xilinx/interface/saxilite.hlp 
Execute           source /tools/Xilinx/Vivado/2018.3/common/technology/xilinx/common/dsp48.hlp 
Execute       source /tools/Xilinx/Vivado/2018.3/common/technology/xilinx/zynquplus/zynquplus_hp.hlp 
Execute     source /tools/Xilinx/Vivado/2018.3/common/technology/xilinx/zynquplus/zynquplus_fpv7.gen 
Execute       source /tools/Xilinx/Vivado/2018.3/common/technology/xilinx/common/xilinx_fpv6.gen 
Execute     set_part xczu9eg-ffvb1156-2-i 
Execute       add_library xilinx/zynquplus/zynquplus:xczu9eg:-ffvb1156:-2-i 
Execute         get_default_platform 
Execute         license_isbetapart xczu9eg 
Command         license_isbetapart done; error code: 1; 
Execute         get_default_platform 
Execute         config_chip_info -quiet -resource  {SLICE 34260} {LUT 274080}   {FF 548160}  {DSP48E 2520}  {BRAM 1824} {URAM 0}  
Execute         config_chip_info -quiet -speed medium 
Execute       add_library xilinx/zynquplus/zynquplus_fpv7 
Execute         get_default_platform 
INFO: [HLS 200-10] Setting target device to 'xczu9eg-ffvb1156-2-i'
Execute       get_default_platform 
Execute     get_default_platform 
Execute     config_chip_info -quiet -resource  {SLICE 34260} {LUT 274080}   {FF 548160}  {DSP48E 2520}  {BRAM 1824} {URAM 0}  
Execute     config_chip_info -quiet -speed medium 
Execute     config_compile -no_signed_zeros=false 
INFO: [XFORM 203-1172] Optimizing floating point zeros and discarding its signedness.
Execute     config_compile -unsafe_math_optimizations=false 
INFO: [XFORM 203-1172] Optimizing floating point zeros and discarding its signedness.
INFO: [XFORM 203-1173] Reordering floating point operations aggressively.
INFO: [XFORM 203-1176] Optimizing floating point comparison without checking NaN.
Execute     config_schedule -effort=medium 
Execute     config_schedule -enable_dsp_full_reg=false 
Execute     config_schedule -relax_ii_for_timing=false 
Execute     config_schedule -verbose=false 
Execute     config_export -format=ip_catalog 
Execute     config_export -rtl=verilog 
Execute     config_export -vivado_phys_opt=place 
Execute     config_export -vivado_report_level=0 
Execute     config_bind -effort=medium 
Execute     config_sdx -optimization_level=none 
Execute       get_config_export -vivado_synth_design_args 
Execute       get_config_export -vivado_impl_strategy 
Execute       get_config_export -vivado_synth_strategy 
Execute       get_config_export -vivado_phys_opt 
Execute       get_config_bind -effort 
Execute       get_config_schedule -effort 
Execute     config_sdx -target=none 
Execute       send_msg_by_id INFO @200-435@%s%s 'config_sdx -target' config_sdx -optimization_level=none 
INFO: [HLS 200-435] Setting 'config_sdx -target' configuration: config_sdx -optimization_level=none
Execute       config_sdx -optimization_level=none 
Execute         get_config_export -vivado_synth_design_args 
Execute         get_config_export -vivado_impl_strategy 
Execute         get_config_export -vivado_synth_strategy 
Execute         get_config_export -vivado_phys_opt 
Execute         get_config_bind -effort 
Execute         get_config_schedule -effort 
Execute       get_config_compile -pipeline_loops 
Execute       get_config_compile -name_max_length 
Execute       get_config_schedule -relax_ii_for_timing 
Execute       get_config_schedule -enable_dsp_full_reg 
Execute       get_config_rtl -register_reset_num 
Execute       get_config_rtl -auto_prefix 
Execute       get_config_rtl -enable_maxiConservative 
Execute       get_config_interface -m_axi_addr64 
Execute       send_msg_by_id INFO @200-435@%s%s 'config_sdx -target' set_clock_uncertainty default 
INFO: [HLS 200-435] Setting 'config_sdx -target' configuration: set_clock_uncertainty default
Execute       set_clock_uncertainty default 
Command   open_solution done; 0.25 sec.
Execute   set_part xczu9eg-ffvb1156-2-i -tool vivado 
Execute     add_library xilinx/zynquplus/zynquplus:xczu9eg:-ffvb1156:-2-i 
Execute       get_default_platform 
Execute       license_isbetapart xczu9eg 
Command       license_isbetapart done; error code: 1; 
Execute       get_default_platform 
Execute       config_chip_info -quiet -resource  {SLICE 34260} {LUT 274080}   {FF 548160}  {DSP48E 2520}  {BRAM 1824} {URAM 0}  
Execute       config_chip_info -quiet -speed medium 
Execute     add_library xilinx/zynquplus/zynquplus_fpv7 
Execute       get_default_platform 
Execute     get_default_platform 
Execute   create_clock -period 3.11 -name default 
Execute   config_compile 
Execute   config_schedule -effort medium -relax_ii_for_timing=0 
Execute   config_export -format ip_catalog -rtl verilog -vivado_phys_opt place -vivado_report_level 0 
Execute   config_bind -effort medium 
Execute   config_sdx -optimization_level none -target none 
Execute     get_config_export -vivado_synth_design_args 
Execute     get_config_export -vivado_impl_strategy 
Execute     get_config_export -vivado_synth_strategy 
Execute     get_config_export -vivado_phys_opt 
Execute     get_config_bind -effort 
Execute     get_config_schedule -effort 
Execute     get_config_compile -pipeline_loops 
Execute     get_config_compile -name_max_length 
Execute     get_config_schedule -relax_ii_for_timing 
Execute     get_config_schedule -enable_dsp_full_reg 
Execute     get_config_rtl -register_reset_num 
Execute     get_config_rtl -auto_prefix 
Execute     get_config_rtl -enable_maxiConservative 
Execute     get_config_interface -m_axi_addr64 
Execute     send_msg_by_id INFO @200-435@%s%s 'config_sdx -target' set_clock_uncertainty default 
INFO: [HLS 200-435] Setting 'config_sdx -target' configuration: set_clock_uncertainty default
Execute     set_clock_uncertainty default 
Execute   set_clock_uncertainty 12.5% 
Execute   csynth_design 
Execute     get_config_compile -effort 
Execute     get_config_compile -enable_clang39 
Execute     get_config_compile -g 
Execute     get_config_compile -lm 
Execute     get_config_compile -ng 
Execute     get_config_compile -opt_fp 
Execute     get_config_compile -skip_cdt 
Execute     get_config_compile -skip_syncheck 
Execute     get_config_compile -skip_transform 
Execute     config_compile -blackbox  
Execute     get_config_compile -keep_printf 
Execute     elaborate -effort=medium -skip_syncheck=0 -keep_printf=0 -lm=0 -skip_cdt=0 -skip_transform=0 -ng=0 -g=0 -opt_fp=0 -from_csynth_design=1 
Execute       get_config_schedule -relax_ii_for_timing 
Execute       get_config_schedule -suppress_dependence_error_break 
INFO: [HLS 200-10] Analyzing design file 'bilateralFilterKernel_HLS/bilateralFilterKernel.cpp' ... 
INFO-FLOW: Compiling one TU...
Execute       is_m_axi_addr64 
INFO-FLOW: Handling bilateralFilterKernel_HLS/bilateralFilterKernel.cpp as C++
Execute       get_default_platform 
Execute       is_encrypted bilateralFilterKernel_HLS/bilateralFilterKernel.cpp 
Execute       get_default_platform 
INFO-FLOW: Running: GCC PP
INFO-FLOW: Source preprocessing
Execute       clang  -fno-limit-debug-info -gcc-toolchain "/tools/Xilinx/Vivado/2018.3/lnx64/tools/gcc" -hls  -fno-exceptions  -D__llvm__  -E "bilateralFilterKernel_HLS/bilateralFilterKernel.cpp"   -I/home/pastoikos/Documents/bilateralFilterKernel_HLS/include -I/home/pastoikos/Documents/bilateralFilterKernel_HLS/thirdparty -I/home/pastoikos/Documents/bilateralFilterKernel_HLS  -fno-math-errno -c -emit-llvm -O0  -mllvm -disable-llvm-optzns -fno-threadsafe-statics  -fno-use-cxa-atexit  -fno-threadsafe-statics -fno-use-cxa-atexit -D__CLANG_3_1__ -DAESL_SYN -D__SYNTHESIS__ -D__HLS_SYN__ -I "/tools/Xilinx/Vivado/2018.3/common/technology/autopilot" -I "/tools/Xilinx/Vivado/2018.3/common/technology/autopilot/ap_sysc" -include etc/autopilot_ssdm_op.h -D__DSP48E2__  -o "/home/pastoikos/Documents/bilateralFilterKernel_HLS/solution1/.autopilot/db/bilateralFilterKernel.pp.0.cpp" 
INFO-FLOW: exec /tools/Xilinx/Vivado/2018.3/lnx64/tools/clang/bin/clang -fno-limit-debug-info -gcc-toolchain /tools/Xilinx/Vivado/2018.3/lnx64/tools/gcc -hls -fno-exceptions -D__llvm__ -E bilateralFilterKernel_HLS/bilateralFilterKernel.cpp -I/home/pastoikos/Documents/bilateralFilterKernel_HLS/include -I/home/pastoikos/Documents/bilateralFilterKernel_HLS/thirdparty -I/home/pastoikos/Documents/bilateralFilterKernel_HLS -fno-math-errno -c -emit-llvm -O0 -mllvm -disable-llvm-optzns -fno-threadsafe-statics -fno-use-cxa-atexit -fno-threadsafe-statics -fno-use-cxa-atexit -D__CLANG_3_1__ -DAESL_SYN -D__SYNTHESIS__ -D__HLS_SYN__ -I /tools/Xilinx/Vivado/2018.3/common/technology/autopilot -I /tools/Xilinx/Vivado/2018.3/common/technology/autopilot/ap_sysc -include etc/autopilot_ssdm_op.h -D__DSP48E2__ -o /home/pastoikos/Documents/bilateralFilterKernel_HLS/solution1/.autopilot/db/bilateralFilterKernel.pp.0.cpp
Command       clang done; 1.31 sec.
Execute       tidy_31 xilinx-xfmat-array-geometry /home/pastoikos/Documents/bilateralFilterKernel_HLS/solution1/.autopilot/db/bilateralFilterKernel.pp.0.cpp std=gnu++98 
INFO-FLOW: exec /tools/Xilinx/Vivado/2018.3/lnx64/tools/clang-3.9-csynth/bin/tidy-3.1 -header-filter=.* -checks=-*,xilinx-xfmat-array-geometry -quiet -fix /home/pastoikos/Documents/bilateralFilterKernel_HLS/solution1/.autopilot/db/bilateralFilterKernel.pp.0.cpp -- -std=gnu++98 -fhls -ferror-limit=0
Command       tidy_31 done; 0.59 sec.
INFO-FLOW: Syntax Checking before pre-processing...
Execute       clang -syntaxcheck -src /home/pastoikos/Documents/bilateralFilterKernel_HLS/solution1/.autopilot/db/bilateralFilterKernel.pp.0.cpp  -fno-limit-debug-info -gcc-toolchain "/tools/Xilinx/Vivado/2018.3/lnx64/tools/gcc" -hls  -I/home/pastoikos/Documents/bilateralFilterKernel_HLS/include -I/home/pastoikos/Documents/bilateralFilterKernel_HLS/thirdparty -I/home/pastoikos/Documents/bilateralFilterKernel_HLS  -fno-math-errno -c -emit-llvm -O0  -mllvm -disable-llvm-optzns -fno-threadsafe-statics  -fno-use-cxa-atexit  -fno-threadsafe-statics -fno-use-cxa-atexit -D__CLANG_3_1__ -DAESL_SYN -D__SYNTHESIS__ -D__HLS_SYN__ -I "/tools/Xilinx/Vivado/2018.3/common/technology/autopilot" -I "/tools/Xilinx/Vivado/2018.3/common/technology/autopilot/ap_sysc" -include etc/autopilot_ssdm_op.h -D__DSP48E2__  "/home/pastoikos/Documents/bilateralFilterKernel_HLS/solution1/.autopilot/db/bilateralFilterKernel.pp.0.cpp"  -o "/home/pastoikos/Documents/bilateralFilterKernel_HLS/solution1/.autopilot/db/useless.bc"  
INFO-FLOW: exec /tools/Xilinx/Vivado/2018.3/lnx64/tools/clang/bin/clang -fno-limit-debug-info -gcc-toolchain /tools/Xilinx/Vivado/2018.3/lnx64/tools/gcc -hls -I/home/pastoikos/Documents/bilateralFilterKernel_HLS/include -I/home/pastoikos/Documents/bilateralFilterKernel_HLS/thirdparty -I/home/pastoikos/Documents/bilateralFilterKernel_HLS -fno-math-errno -c -emit-llvm -O0 -mllvm -disable-llvm-optzns -fno-threadsafe-statics -fno-use-cxa-atexit -fno-threadsafe-statics -fno-use-cxa-atexit -D__CLANG_3_1__ -DAESL_SYN -D__SYNTHESIS__ -D__HLS_SYN__ -I /tools/Xilinx/Vivado/2018.3/common/technology/autopilot -I /tools/Xilinx/Vivado/2018.3/common/technology/autopilot/ap_sysc -include etc/autopilot_ssdm_op.h -D__DSP48E2__ /home/pastoikos/Documents/bilateralFilterKernel_HLS/solution1/.autopilot/db/bilateralFilterKernel.pp.0.cpp -o /home/pastoikos/Documents/bilateralFilterKernel_HLS/solution1/.autopilot/db/useless.bc
Command       clang done; 1.58 sec.
INFO-FLOW: Done: GCC PP time: 3.5 seconds per iteration
Execute       list_core -type functional_unit 
Execute       tidy_31 xilinx-systemc-detector /home/pastoikos/Documents/bilateralFilterKernel_HLS/solution1/.autopilot/db/bilateralFilterKernel.pp.0.cpp std=gnu++98 -directive=/home/pastoikos/Documents/bilateralFilterKernel_HLS/solution1/.autopilot/db/.systemc_flag 
INFO-FLOW: exec /tools/Xilinx/Vivado/2018.3/lnx64/tools/clang-3.9-csynth/bin/tidy-3.1 -header-filter=.* -checks=-*,xilinx-systemc-detector -import-directive=/home/pastoikos/Documents/bilateralFilterKernel_HLS/solution1/.autopilot/db/.systemc_flag -quiet -fix-errors /home/pastoikos/Documents/bilateralFilterKernel_HLS/solution1/.autopilot/db/bilateralFilterKernel.pp.0.cpp -- -std=gnu++98 -fhls -ferror-limit=0
Command       tidy_31 done; 0.49 sec.
INFO-FLOW: Running: tidy-3.1 CDT preprocess
Execute       tidy_31 xilinx-directive2pragma /home/pastoikos/Documents/bilateralFilterKernel_HLS/solution1/.autopilot/db/bilateralFilterKernel.pp.0.cpp std=gnu++98 -directive=/home/pastoikos/Documents/bilateralFilterKernel_HLS/solution1/.autopilot/db/all.directive.json 
INFO-FLOW: exec /tools/Xilinx/Vivado/2018.3/lnx64/tools/clang-3.9-csynth/bin/tidy-3.1 -header-filter=.* -checks=-*,xilinx-directive2pragma -import-directive=/home/pastoikos/Documents/bilateralFilterKernel_HLS/solution1/.autopilot/db/all.directive.json -quiet -fix-errors /home/pastoikos/Documents/bilateralFilterKernel_HLS/solution1/.autopilot/db/bilateralFilterKernel.pp.0.cpp -- -std=gnu++98 -fhls -ferror-limit=0
Command       tidy_31 done; 0.49 sec.
Execute       get_config_dataflow -strict_mode 
Execute       ap_eval exec -ignorestderr /tools/Xilinx/Vivado/2018.3/lnx64/tools/clang-3.9-csynth/bin/xilinx-dataflow-lawyer -export-fixes=/home/pastoikos/Documents/bilateralFilterKernel_HLS/solution1/.autopilot/db/xilinx-dataflow-lawyer.bilateralFilterKernel.pp.0.cpp.diag.yml /home/pastoikos/Documents/bilateralFilterKernel_HLS/solution1/.autopilot/db/bilateralFilterKernel.pp.0.cpp -- -std=gnu++98 -fhls -ferror-limit=0 -fstrict-dataflow > /home/pastoikos/Documents/bilateralFilterKernel_HLS/solution1/.autopilot/db/xilinx-dataflow-lawyer.bilateralFilterKernel.pp.0.cpp.out.log 2> /home/pastoikos/Documents/bilateralFilterKernel_HLS/solution1/.autopilot/db/xilinx-dataflow-lawyer.bilateralFilterKernel.pp.0.cpp.err.log 
Command       ap_eval done; 0.47 sec.
Execute       tidy_31 -errorcheck xilinx-constantarray-param,xilinx-resource-pragma-transformer,xilinx-xfmat-array-geometry /home/pastoikos/Documents/bilateralFilterKernel_HLS/solution1/.autopilot/db/bilateralFilterKernel.pp.0.cpp std=gnu++98 
Execute         ap_eval exec -ignorestderr /tools/Xilinx/Vivado/2018.3/lnx64/tools/clang-3.9-csynth/bin/tidy-3.1 -export-fixes=/home/pastoikos/Documents/bilateralFilterKernel_HLS/solution1/.autopilot/db/tidy-3.1.bilateralFilterKernel.pp.0.cpp.diag.yml -header-filter=.* -checks=-*,xilinx-constantarray-param,xilinx-resource-pragma-transformer,xilinx-xfmat-array-geometry -quiet -fix-errors /home/pastoikos/Documents/bilateralFilterKernel_HLS/solution1/.autopilot/db/bilateralFilterKernel.pp.0.cpp -- -std=gnu++98 -fhls -ferror-limit=0 > /home/pastoikos/Documents/bilateralFilterKernel_HLS/solution1/.autopilot/db/tidy-3.1.bilateralFilterKernel.pp.0.cpp.out.log 2> /home/pastoikos/Documents/bilateralFilterKernel_HLS/solution1/.autopilot/db/tidy-3.1.bilateralFilterKernel.pp.0.cpp.err.log 
Command         ap_eval done; 1.05 sec.
Execute         ap_eval exec -ignorestderr /tools/Xilinx/Vivado/2018.3/lnx64/tools/clang-3.9-csynth/bin/xilinx-legacy-rewriter /home/pastoikos/Documents/bilateralFilterKernel_HLS/solution1/.autopilot/db/bilateralFilterKernel.pp.0.cpp -- -std=gnu++98 -fhls -ferror-limit=0 > /home/pastoikos/Documents/bilateralFilterKernel_HLS/solution1/.autopilot/db/xilinx-legacy-rewriter.bilateralFilterKernel.pp.0.cpp.out.log 2> /home/pastoikos/Documents/bilateralFilterKernel_HLS/solution1/.autopilot/db/xilinx-legacy-rewriter.bilateralFilterKernel.pp.0.cpp.err.log 
Command         ap_eval done; 0.64 sec.
Command       tidy_31 done; 1.71 sec.
INFO-FLOW: Done: tidy-3.1 CDT preprocess time: 2.7 seconds per iteration
INFO-FLOW: Pragma Handling...
Execute       tidy_31 xilinx-ssdm-intrinsics-arguments /home/pastoikos/Documents/bilateralFilterKernel_HLS/solution1/.autopilot/db/bilateralFilterKernel.pragma.1.cpp std=gnu++98 
INFO-FLOW: exec /tools/Xilinx/Vivado/2018.3/lnx64/tools/clang-3.9-csynth/bin/tidy-3.1 -header-filter=.* -checks=-*,xilinx-ssdm-intrinsics-arguments -quiet -fix-errors /home/pastoikos/Documents/bilateralFilterKernel_HLS/solution1/.autopilot/db/bilateralFilterKernel.pragma.1.cpp -- -std=gnu++98 -fhls -ferror-limit=0
Command       tidy_31 done; 1.15 sec.
Execute       get_default_platform 
INFO-FLOW: Processing labels
Execute       clang -src /home/pastoikos/Documents/bilateralFilterKernel_HLS/solution1/.autopilot/db/bilateralFilterKernel.pragma.2.cpp  -fno-limit-debug-info -gcc-toolchain /tools/Xilinx/Vivado/2018.3/lnx64/tools/gcc -hls -hls-analyze-label -hls-analyze-pragma -fno-exceptions  -D__llvm__  -w  "/home/pastoikos/Documents/bilateralFilterKernel_HLS/solution1/.autopilot/db/bilateralFilterKernel.pragma.2.cpp"  -I/home/pastoikos/Documents/bilateralFilterKernel_HLS/include -I/home/pastoikos/Documents/bilateralFilterKernel_HLS/thirdparty -I/home/pastoikos/Documents/bilateralFilterKernel_HLS  -fno-math-errno -c -emit-llvm -O0  -mllvm -disable-llvm-optzns -fno-threadsafe-statics  -fno-use-cxa-atexit -DAESL_SYN -D__SYNTHESIS__ -D__HLS_SYN__ -I "/tools/Xilinx/Vivado/2018.3/common/technology/autopilot" -I "/tools/Xilinx/Vivado/2018.3/common/technology/autopilot/ap_sysc" -include etc/autopilot_ssdm_op.h -D__DSP48E2__ -g -o "/home/pastoikos/Documents/bilateralFilterKernel_HLS/solution1/.autopilot/db/bilateralFilterKernel.bc" 
INFO-FLOW: exec /tools/Xilinx/Vivado/2018.3/lnx64/tools/clang/bin/clang -fno-limit-debug-info -gcc-toolchain /tools/Xilinx/Vivado/2018.3/lnx64/tools/gcc -hls -hls-analyze-label -hls-analyze-pragma -fno-exceptions -D__llvm__ -w /home/pastoikos/Documents/bilateralFilterKernel_HLS/solution1/.autopilot/db/bilateralFilterKernel.pragma.2.cpp -I/home/pastoikos/Documents/bilateralFilterKernel_HLS/include -I/home/pastoikos/Documents/bilateralFilterKernel_HLS/thirdparty -I/home/pastoikos/Documents/bilateralFilterKernel_HLS -fno-math-errno -c -emit-llvm -O0 -mllvm -disable-llvm-optzns -fno-threadsafe-statics -fno-use-cxa-atexit -DAESL_SYN -D__SYNTHESIS__ -D__HLS_SYN__ -I /tools/Xilinx/Vivado/2018.3/common/technology/autopilot -I /tools/Xilinx/Vivado/2018.3/common/technology/autopilot/ap_sysc -include etc/autopilot_ssdm_op.h -D__DSP48E2__ -g -o /home/pastoikos/Documents/bilateralFilterKernel_HLS/solution1/.autopilot/db/bilateralFilterKernel.bc
Command       clang done; 1.63 sec.
INFO-FLOW: Linking Debug ...
Execute       llvm-ld /home/pastoikos/Documents/bilateralFilterKernel_HLS/solution1/.autopilot/db/bilateralFilterKernel.g.bc -hls-opt -except-internalize bilateralFilterKernel -L/tools/Xilinx/Vivado/2018.3/lnx64/lib -lhlsm -lhlsmc++ -o /home/pastoikos/Documents/bilateralFilterKernel_HLS/solution1/.autopilot/db/a.g 
Command       llvm-ld done; 0.64 sec.
INFO: [HLS 200-111] Finished Linking Time (s): cpu = 00:00:11 ; elapsed = 00:00:11 . Memory (MB): peak = 435.133 ; gain = 0.164 ; free physical = 5171 ; free virtual = 13338
INFO: [HLS 200-111] Finished Checking Pragmas Time (s): cpu = 00:00:11 ; elapsed = 00:00:11 . Memory (MB): peak = 435.133 ; gain = 0.164 ; free physical = 5171 ; free virtual = 13338
Execute       get_config_sdx -target 
Execute       opt_and_import_c a -opt_level=2 -skip_syncheck=0 -ng=0 -keep_printf=0 
Execute         cleanup_all_models 
INFO: [HLS 200-10] Starting code transformations ...
Execute         transform -promote-dbg-pointer /home/pastoikos/Documents/bilateralFilterKernel_HLS/solution1/.autopilot/db/a.pp.bc -o /home/pastoikos/Documents/bilateralFilterKernel_HLS/solution1/.autopilot/db/a.pp.0.bc -f 
Execute         llvm-ld /home/pastoikos/Documents/bilateralFilterKernel_HLS/solution1/.autopilot/db/a.pp.0.bc -disable-opt -L/tools/Xilinx/Vivado/2018.3/lnx64/lib -lfloatconversion -o /home/pastoikos/Documents/bilateralFilterKernel_HLS/solution1/.autopilot/db/a.g.0 
Command         llvm-ld done; 0.66 sec.
INFO-FLOW: Running Standard Transforms...
Execute         transform -hls -share-std-xform -demangle-name -inline-byval-memcpy -always-inline -promote-dbg-pointer -interface-preproc -mem2reg -lower-blackbox -scalarrepl -mem2reg -keep-read-access -instcombine -dce -promote-dbg-pointer -bitop-raise -loop-simplify -indvarspre -indvars -loop-simplify -xunroll -constprop -instcombine -simplifycfg -indvars -simplifycfg -dce -globaldce -basicaa -simplifycfg -mem2reg -globalopt -global-constprop -deadargelim -instcombine -simplifycfg -prune-eh -simplifycfg -scalarrepl -instcombine -reassociate -licm -simplifycfg -loop-simplify -indvars -instcombine -simplifycfg -mem2reg -loop-simplify -indvars -instcombine -gvn -gvn -instcombine -adce -break-crit-edges -simplifycfg -loop-delete -global-array-opt -dce -dse -adce -find-syn-modules -top bilateralFilterKernel -deadargelim -mem2reg -instcombine -dce -presyn-prepare -auto-rom-infer -interface-preproc -syn-check -check-rec-only -find-region -simplifycfg -func-extr -function-inline -globaldce -mem2reg -instcombine -dce -gvn -globaldce -adce -adse -constprop -instcombine -bit-constprop -instcombine -dce -simplifycfg -bitop-raise -simplifycfg -dce -loop-delete -reassociate -globalopt -global-privatize -mem2reg -dce -global-constprop -pointer-simplify -constprop -dce -func-inst -deadargelim -auto-shift-reg-idiom -promote-dbg-pointer -norm-name /home/pastoikos/Documents/bilateralFilterKernel_HLS/solution1/.autopilot/db/a.g.0.bc -o /home/pastoikos/Documents/bilateralFilterKernel_HLS/solution1/.autopilot/db/a.g.1.bc -f -phase std-opt 
INFO: [HLS 200-111] Finished Standard Transforms Time (s): cpu = 00:00:11 ; elapsed = 00:00:12 . Memory (MB): peak = 435.164 ; gain = 0.195 ; free physical = 5165 ; free virtual = 13333
INFO: [HLS 200-10] Checking synthesizability ...
INFO-FLOW: Checking Synthesizability 1/2..
Execute         transform -hls -syn-check -check-rec-only -disaggr -scalarrepl -norm-name -dce -mem2reg -instcombine -function-uniquify -directive-preproc -mem2reg -dse -dce -auto-rom-infer -dce -pag -array-normalize -instcombine -dce -warn-fifo-pointer -array-seg-normalize -instcombine -dce -array-flatten -instcombine -dce -array-burst -dce -deadargelim -promote-global-argument -simplifycfg -mem2reg -globaldce -resolve-double-ptr -dce -deadargelim -dce -instcombine -function-inline -globaldce -dce -doublePtrSimplify -doublePtrElim -dce -doublePtrSimplify -promote-dbg-pointer -dce -scalarrepl -dse -adse -instcombine -ptrLegalization -simplifycfg -dce -instcombine -pointer-simplify -ptrArgReplace -dce -instcombine -disaggr -scalarrepl -norm-name -dce -mem2reg -instcombine -ptrLegalization -simplifycfg -deadargelim -instcombine -dce -inst-simplify -function-uniquify -directive-preproc -mem2reg -dse -dce -globaldce -check-dspbuiltin /home/pastoikos/Documents/bilateralFilterKernel_HLS/solution1/.autopilot/db/a.g.1.bc -o /home/pastoikos/Documents/bilateralFilterKernel_HLS/solution1/.autopilot/db/a.g.2.prechk.bc -f 
INFO: [XFORM 203-602] Inlining function 'make_uint2' into 'bilateralFilterKernel' (bilateralFilterKernel_HLS/bilateralFilterKernel.cpp:78) automatically.
INFO: [XFORM 203-602] Inlining function 'sq' into 'bilateralFilterKernel' (bilateralFilterKernel_HLS/bilateralFilterKernel.cpp:82) automatically.
INFO-FLOW: Checking Synthesizability 2/2..
Execute         transform -syn-check /home/pastoikos/Documents/bilateralFilterKernel_HLS/solution1/.autopilot/db/a.g.2.prechk.bc -o /home/pastoikos/Documents/bilateralFilterKernel_HLS/solution1/.autopilot/db/a.g.2.bc -f -phase syn-check 
INFO: [HLS 200-111] Finished Checking Synthesizability Time (s): cpu = 00:00:11 ; elapsed = 00:00:12 . Memory (MB): peak = 435.164 ; gain = 0.195 ; free physical = 5161 ; free virtual = 13330
INFO-FLOW: Compiler optimizing ...
INFO-FLOW: Share syncheck's 1.bc for syn flow: copy /home/pastoikos/Documents/bilateralFilterKernel_HLS/solution1/.autopilot/db/a.g.1.bc to /home/pastoikos/Documents/bilateralFilterKernel_HLS/solution1/.autopilot/db/a.o.1.bc
INFO-FLOW: Presyn 1...
Execute         transform -hls -tmp /home/pastoikos/Documents/bilateralFilterKernel_HLS/solution1/.autopilot/db -interface-port-rename -type-info -function-uniquify -directive-preproc -mem2reg -dse -dce -disaggr -scalarrepl -norm-name -deadargelim -mem2reg -instcombine -dce -simplifycfg -auto-rom-infer -dce -function-uniquify -resource-proc -simplifycfg -mem2reg -globaldce -resolve-double-ptr -dce -deadargelim -dce -instcombine -clib-intrinsic-prepare -dce -func-buffer -dce -pag -array-normalize -func-legal -instcombine -gvn -constprop -dce -ptrArgReplace -mem2reg -instcombine -dce -array-seg-normalize -deadargelim -instcombine -dce -pointer-simplify -dce -port-alignment -dce -interface-preproc -data-pack -instcombine -dce -basicaa -aggr-aa -aggrmodref-aa -aggr-aa -gvn -gvn -basicaa -aggr-aa -aggrmodref-aa -aggr-aa -dse -adse -adce -loop-simplify -indvars -instcombine -gvn -loop-simplify -mem2reg -dce -find-region -instcombine -auto-loop-pipeline -inst-simplify -interface-preproc -cfgopt -instcombine -indvars -auto-loop-unroll -loop-simplify -loop-bound -xunroll -constprop -instcombine -simplifycfg -indvars -simplifycfg -dce -globaldce -clean-region -attach-range -gvn -inst-simplify -constprop -simplifycfg -dce -pointer-simplify -dce -globalopt -constprop -dce -array-promote -constprop -instcombine -dce -ptrArgReplace -mem2reg -instcombine -simplifycfg -dce -auto-par -instcombine -dce -array-transform-check -array-reshape -instcombine -simplifycfg -dce -ptrArgReplace -deadargelim -mem2reg -instcombine -simplifycfg -dce -indvars -loop-simplify -loop-bound -xunroll -constprop -instcombine -simplifycfg -indvars -simplifycfg -dce -globaldce -basicaa -aggr-aa -aggrmodref-aa -aggr-aa -dse -duplicate-dataflow-processes -globaldce -instcombine -array-partition -instcombine -simplifycfg -dce -ptrArgReplace -global-constprop -deadargelim -mem2reg -func-legal -instcombine -dce -global-constprop -deadargelim -mem2reg -instcombine -simplifycfg -dce -merge-param -deadargelim -globalopt -constprop -dce -array-promote -constprop -instcombine -dce -ptrArgReplace -mem2reg -instcombine -simplifycfg -dce -mem-intrinsic-preproc -dce -global-internalize -global-privatize -mem2reg -globaldce -promote-global-argument -ptrArgReplace -mem2reg -instcombine -dce -globalopt -mergereturn -simplify-global-access -mem2reg -dce -pointer-simplify -dce -functionattrs -basicaa -aggr-aa -aggrmodref-aa -aggr-aa -gvn -gvn -basicaa -aggr-aa -aggrmodref-aa -aggr-aa -dse -adse -adce -inst-simplify -dce -norm-name -function-inline -globaldce -func-inst -constprop -instcombine -simplifycfg -dce -func-legal -dce -loop-bound -arraycheck -bitwidthmin -on-by-dataflow -loop-delete -instcombine -simplifycfg -globaldce -dce -gvn -deadargelim -dce -loop-simplify -clean-region -simplifycfg -propagate-stable-arguments -loop-stream -instcombine -simplifycfg -dce -globaldce -duplicate-dataflow-processes -stream-intrinsic-preproc -dce -check-ap-stream -loop-simplify -eliminate-keepreads -extract-dataflow-in-loop -loop-simplify -dce -gvn -deadargelim -dse -check-dataflow-syntax -legalize-stream-variable -legalize-global -extract-subproc -dce -dead-channel-elimination -canonicalize-gep -globaldce -dce -gvn -deadargelim -annotate-dataflow-channels -scalar-propagation -deadargelim -globaldce -mem2reg -check-dataflow-channels -function-stream -dce -globaldce -prop-fifo-spec -internal-stream-gen -canonicalize-gep -globaldce -dce -gvn -deadargelim -mergereturn -indvars -loop-simplify -instcombine -array-stream -array-seg-normalize -array-partition -func-legal -instcombine -simplifycfg -dce -bundle-memfifo-ops -deadargelim -function-uniquify -directive-preproc -mem2reg -dse -dce -group-axi-access -licm -simplifycfg -dce -loop-delete -norm-name /home/pastoikos/Documents/bilateralFilterKernel_HLS/solution1/.autopilot/db/a.o.1.bc -o /home/pastoikos/Documents/bilateralFilterKernel_HLS/solution1/.autopilot/db/a.o.1.tmp.bc -f 
INFO: [XFORM 203-502] Unrolling all sub-loops inside loop 'Loop-2.6' (bilateralFilterKernel_HLS/bilateralFilterKernel.cpp:59) in function 'bilateralFilterKernel' for pipelining.
INFO: [HLS 200-489] Unrolling loop 'Loop-2.6.1' (bilateralFilterKernel_HLS/bilateralFilterKernel.cpp:76) in function 'bilateralFilterKernel' completely with a factor of 5.
INFO: [XFORM 203-602] Inlining function 'make_uint2' into 'bilateralFilterKernel' (bilateralFilterKernel_HLS/bilateralFilterKernel.cpp:78) automatically.
INFO: [XFORM 203-602] Inlining function 'sq' into 'bilateralFilterKernel' (bilateralFilterKernel_HLS/bilateralFilterKernel.cpp:82) automatically.
Command         transform done; 0.29 sec.
INFO-FLOW: Presyn 2...
Execute         transform -hls -keep-callgraph -scalarrepl -mem2reg -port-alignment -attach-range -dce -pipe-mux-gen -indvars -loop-bound -inst-simplify -instcombine -dce -merge-array-access -mem2reg -dce -clean-region -mergereturn -if-conv -instcombine -dce -constprop -basicaa -aggr-aa -aggrmodref-aa -aggr-aa -gvn -gvn -basicaa -aggr-aa -aggrmodref-aa -aggr-aa -dse -adse -adce -scalarrepl -mem2reg -global-constprop -deadargelim -deadargelim -instcombine -dce -simplifycfg -ptrArgReplace -mem2reg -function-inline -globaldce -mem2reg -instcombine -dce -expr-balance -instcombine -dce -bitwidthmin -interface-preproc -directive-preproc -inst-rectify -instcombine -dce -functionattrs -constprop -instcombine -bit-constprop -simplify-global-access -globalopt -globaldce -inst-simplify -instcombine -elimdeaddata -dce -loop-delete -simplifycfg -loop-simplify -auto-burst -norm-name /home/pastoikos/Documents/bilateralFilterKernel_HLS/solution1/.autopilot/db/a.o.1.tmp.bc -o /home/pastoikos/Documents/bilateralFilterKernel_HLS/solution1/.autopilot/db/a.o.2.bc -f -phase presyn 
Command         transform done; 0.14 sec.
INFO: [HLS 200-111] Finished Pre-synthesis Time (s): cpu = 00:00:12 ; elapsed = 00:00:12 . Memory (MB): peak = 562.969 ; gain = 128.000 ; free physical = 5137 ; free virtual = 13306
INFO-FLOW: Building ssdm...
Execute         transform -hls -function-uniquify -auto-function-inline -globaldce -ptrArgReplace -mem2reg -instcombine -dce -reset-lda -loop-simplify -indvars -licm -loop-dep -loop-bound -licm -loop-simplify -flattenloopnest -array-flatten -gvn -instcombine -dce -array-map -dce -func-legal -gvn -adce -instcombine -cfgopt -simplifycfg -loop-simplify -array-burst -promote-global-argument -dce -axi4-lower -array-seg-normalize -basicaa -aggrmodref-aa -globalsmodref-aa -aggr-aa -gvn -gvn -basicaa -aggrmodref-aa -globalsmodref-aa -aggr-aa -dse -adse -adce -licm -inst-simplify -dce -globaldce -instcombine -array-stream -eliminate-keepreads -instcombine -dce -deadargelim -doublePtrSimplify -doublePtrElim -dce -doublePtrSimplify -promote-dbg-pointer -dce -scalarrepl -mem2reg -disaggr -norm-name -mem2reg -instcombine -dse -adse -adce -ptrLegalization -dce -auto-rom-infer -array-flatten -dce -instcombine -check-doubleptr -loop-rot -constprop -cfgopt -simplifycfg -loop-simplify -indvars -pointer-simplify -dce -loop-bound -loop-simplify -loop-preproc -constprop -global-constprop -gvn -mem2reg -instcombine -dce -loop-bound -loop-merge -dce -bitwidthmin -deadargelim -dce -canonicalize-dataflow -dce -scalar-propagation -deadargelim -globaldce -mem2reg -read-loop-dep -interface-preproc -directive-preproc -interface-gen -bram-byte-enable -deadargelim -inst-simplify -dce -gvn -mem2reg -instcombine -dce -adse -loop-bound -instcombine -cfgopt -simplifycfg -loop-simplify -clean-region -io-protocol -find-region -mem2reg -bitop-raise -inst-simplify -inst-rectify -instcombine -adce -deadargelim -loop-simplify -phi-opt -bitop-raise -cfgopt -simplifycfg -strip-dead-prototypes -interface-lower -bitop-lower -intrinsic-lower -auto-function-inline -basicaa -aggrmodref-aa -globalsmodref-aa -aggr-aa -inst-simplify -simplifycfg -loop-simplify -mergereturn -inst-simplify -inst-rectify -dce -load-elim -bitop-lower -loop-rewind -pointer-simplify -dce -cfgopt -dce -bitwidth -loop-bound -loop-dep -read-loop-dep -dce -check-stream -norm-name -legalize -validate-dataflow -inst-clarity -cdfg-build /home/pastoikos/Documents/bilateralFilterKernel_HLS/solution1/.autopilot/db/a.o.2.bc -o /home/pastoikos/Documents/bilateralFilterKernel_HLS/solution1/.autopilot/db/a.o.3.bc -f -phase build-ssdm 
WARNING: [XFORM 203-542] Cannot flatten a loop nest 'Loop-2' (bilateralFilterKernel_HLS/bilateralFilterKernel.cpp:49:7) in function 'bilateralFilterKernel' : 

more than one sub loop.
INFO: [HLS 200-444] Inferring multiple bus burst read of a total cumulative length 324 on port 'pad_depth' (bilateralFilterKernel_HLS/bilateralFilterKernel.cpp:53:3). These data requests might be further partitioned to multiple requests during RTL generation, based on max_read_burst_length or max_write_burst_length settings.
INFO: [HLS 200-444] Inferring multiple bus burst read of a total cumulative length 324 on port 'pad_depth' (bilateralFilterKernel_HLS/bilateralFilterKernel.cpp:54:3). These data requests might be further partitioned to multiple requests during RTL generation, based on max_read_burst_length or max_write_burst_length settings.
INFO: [HLS 200-444] Inferring multiple bus burst read of a total cumulative length 324 on port 'pad_depth' (bilateralFilterKernel_HLS/bilateralFilterKernel.cpp:55:3). These data requests might be further partitioned to multiple requests during RTL generation, based on max_read_burst_length or max_write_burst_length settings.
INFO: [HLS 200-444] Inferring multiple bus burst read of a total cumulative length 324 on port 'pad_depth' (bilateralFilterKernel_HLS/bilateralFilterKernel.cpp:56:3). These data requests might be further partitioned to multiple requests during RTL generation, based on max_read_burst_length or max_write_burst_length settings.
INFO: [HLS 200-444] Inferring multiple bus burst read of a total cumulative length 324 on port 'pad_depth' (bilateralFilterKernel_HLS/bilateralFilterKernel.cpp:57:3). These data requests might be further partitioned to multiple requests during RTL generation, based on max_read_burst_length or max_write_burst_length settings.
INFO: [HLS 200-444] Inferring multiple bus burst read of a total cumulative length 5 on port 'gaussian' (bilateralFilterKernel_HLS/bilateralFilterKernel.cpp:45:2). These data requests might be further partitioned to multiple requests during RTL generation, based on max_read_burst_length or max_write_burst_length settings.
INFO: [HLS 200-444] Inferring multiple bus burst write of variable length on port 'out' (bilateralFilterKernel_HLS/bilateralFilterKernel.cpp:144:3). These data requests might be further partitioned to multiple requests during RTL generation, based on max_read_burst_length or max_write_burst_length settings.
Command         transform done; 0.3 sec.
INFO: [HLS 200-111] Finished Architecture Synthesis Time (s): cpu = 00:00:12 ; elapsed = 00:00:13 . Memory (MB): peak = 562.969 ; gain = 128.000 ; free physical = 5135 ; free virtual = 13304
INFO-FLOW: Finish building internal data model.
Command       opt_and_import_c done; 1.56 sec.
Command     elaborate done; 12.19 sec.
Execute     autosyn -from_csynth_design=1 
INFO: [HLS 200-10] Starting hardware synthesis ...
INFO-FLOW: Synthesizing C/C++ design ...
INFO: [HLS 200-10] Synthesizing 'bilateralFilterKernel' ...
Execute       ap_set_top_model bilateralFilterKernel 
Execute       get_model_list bilateralFilterKernel -filter all-wo-channel -topdown 
Execute       preproc_iomode -model bilateralFilterKernel 
Execute       get_model_list bilateralFilterKernel -filter all-wo-channel 
INFO-FLOW: Model list for configure: bilateralFilterKernel
INFO-FLOW: Configuring Module : bilateralFilterKernel ...
Execute       set_default_model bilateralFilterKernel 
Execute       apply_spec_resource_limit bilateralFilterKernel 
INFO-FLOW: Model list for preprocess: bilateralFilterKernel
INFO-FLOW: Preprocessing Module: bilateralFilterKernel ...
Execute       set_default_model bilateralFilterKernel 
Execute       cdfg_preprocess -model bilateralFilterKernel 
Execute       rtl_gen_preprocess bilateralFilterKernel 
WARNING: [SYN 201-107] Renaming port name 'bilateralFilterKernel/out' to 'bilateralFilterKernel/out_r' to avoid the conflict with HDL keywords or other object names.
WARNING: [SYN 201-107] Renaming port name 'bilateralFilterKernel/end' to 'bilateralFilterKernel/end_r' to avoid the conflict with HDL keywords or other object names.
INFO-FLOW: Model list for synthesis: bilateralFilterKernel
INFO: [HLS 200-10] ----------------------------------------------------------------
INFO: [HLS 200-42] -- Implementing module 'bilateralFilterKernel' 
INFO: [HLS 200-10] ----------------------------------------------------------------
Execute       set_default_model bilateralFilterKernel 
Execute       schedule -model bilateralFilterKernel 
INFO: [SCHED 204-11] Starting scheduling ...
INFO: [SCHED 204-61] Pipelining loop 'memcpy.gaussian_array.gaussian'.
INFO: [SCHED 204-61] Pipelining result : Target II = 1, Final II = 1, Depth = 3.
INFO: [SCHED 204-61] Pipelining loop 'memcpy.pad_depth_array_1.pad_depth'.
INFO: [SCHED 204-61] Pipelining result : Target II = 1, Final II = 1, Depth = 3.
INFO: [SCHED 204-61] Pipelining loop 'memcpy.pad_depth_array_2.pad_depth'.
INFO: [SCHED 204-61] Pipelining result : Target II = 1, Final II = 1, Depth = 3.
INFO: [SCHED 204-61] Pipelining loop 'memcpy.pad_depth_array_3.pad_depth'.
INFO: [SCHED 204-61] Pipelining result : Target II = 1, Final II = 1, Depth = 3.
INFO: [SCHED 204-61] Pipelining loop 'memcpy.pad_depth_array_4.pad_depth'.
INFO: [SCHED 204-61] Pipelining result : Target II = 1, Final II = 1, Depth = 3.
INFO: [SCHED 204-61] Pipelining loop 'memcpy.pad_depth_array_5.pad_depth'.
INFO: [SCHED 204-61] Pipelining result : Target II = 1, Final II = 1, Depth = 3.
INFO: [SCHED 204-61] Pipelining loop 'Loop 2.6'.
WARNING: [SCHED 204-69] Unable to schedule 'load' operation ('pad_depth_array_3_lo_1', bilateralFilterKernel_HLS/bilateralFilterKernel.cpp:103) on array 'pad_depth_array_3', bilateralFilterKernel_HLS/bilateralFilterKernel.cpp:37 due to limited memory ports. Please consider using a memory core with more ports or partitioning the array 'pad_depth_array_3'.
WARNING: [SCHED 204-69] Unable to schedule 'load' operation ('pad_depth_array_1_lo_4', bilateralFilterKernel_HLS/bilateralFilterKernel.cpp:79) on array 'pad_depth_array_1', bilateralFilterKernel_HLS/bilateralFilterKernel.cpp:33 due to limited memory ports. Please consider using a memory core with more ports or partitioning the array 'pad_depth_array_1'.
INFO: [SCHED 204-61] Pipelining result : Target II = 1, Final II = 3, Depth = 385.
INFO: [SCHED 204-61] Pipelining loop 'memcpy.out.out_array.gep'.
INFO: [SCHED 204-61] Pipelining result : Target II = 1, Final II = 1, Depth = 3.
INFO: [SCHED 204-11] Finished scheduling.
Command       schedule done; 2.58 sec.
INFO: [HLS 200-111]  Elapsed time: 15.35 seconds; current allocated memory: 88.379 MB.
Execute       report -o /home/pastoikos/Documents/bilateralFilterKernel_HLS/solution1/.autopilot/db/bilateralFilterKernel.verbose.sched.rpt -verbose -f 
INFO: [HLS 200-434] Only 8 loops out of a total 9 loops have been pipelined in this design.
Command       report done; 2.42 sec.
Execute       db_write -o /home/pastoikos/Documents/bilateralFilterKernel_HLS/solution1/.autopilot/db/bilateralFilterKernel.sched.adb -f 
Command       db_write done; 0.11 sec.
INFO-FLOW: Finish scheduling bilateralFilterKernel.
Execute       set_default_model bilateralFilterKernel 
Execute       bind -model bilateralFilterKernel 
BIND OPTION: effort=medium
BIND OPTION: fu_weight=[ 0.0 -- 1.0 ]
BIND OPTION: model=bilateralFilterKernel
BIND OPTION: reg_weight=[ 0.0 -- 1.0 ]
INFO: [BIND 205-100] Starting micro-architecture generation ...
INFO: [BIND 205-101] Performing variable lifetime analysis.
INFO: [BIND 205-101] Exploring resource sharing.
INFO: [BIND 205-101] Binding ...
INFO: [BIND 205-100] Finished micro-architecture generation.
Command       bind done; 1.07 sec.
INFO: [HLS 200-111]  Elapsed time: 3.6 seconds; current allocated memory: 101.435 MB.
Execute       report -o /home/pastoikos/Documents/bilateralFilterKernel_HLS/solution1/.autopilot/db/bilateralFilterKernel.verbose.bind.rpt -verbose -f 
Command       report done; 2.3 sec.
Execute       db_write -o /home/pastoikos/Documents/bilateralFilterKernel_HLS/solution1/.autopilot/db/bilateralFilterKernel.bind.adb -f 
Command       db_write done; 0.13 sec.
INFO-FLOW: Finish binding bilateralFilterKernel.
Execute       get_model_list bilateralFilterKernel -filter all-wo-channel 
INFO-FLOW: Preprocessing for RTLGen ...
Execute       rtl_gen_preprocess bilateralFilterKernel 
INFO-FLOW: Model list for RTL generation: bilateralFilterKernel
INFO: [HLS 200-10] ----------------------------------------------------------------
INFO: [HLS 200-10] -- Generating RTL for module 'bilateralFilterKernel' 
INFO: [HLS 200-10] ----------------------------------------------------------------
Execute       get_config_rtl -prefix 
Execute       get_config_rtl -auto_prefix 
Execute       create_rtl_model bilateralFilterKernel -vendor xilinx -mg_file /home/pastoikos/Documents/bilateralFilterKernel_HLS/solution1/.autopilot/db/bilateralFilterKernel.compgen.tcl 
INFO: [RTGEN 206-500] Setting interface mode on port 'bilateralFilterKernel/out_r' to 'm_axi'.
INFO: [RTGEN 206-500] Setting interface mode on port 'bilateralFilterKernel/pad_depth' to 'm_axi'.
INFO: [RTGEN 206-500] Setting interface mode on port 'bilateralFilterKernel/gaussian' to 'm_axi'.
INFO: [RTGEN 206-500] Setting interface mode on port 'bilateralFilterKernel/out_offset' to 's_axilite & ap_none'.
INFO: [RTGEN 206-500] Setting interface mode on port 'bilateralFilterKernel/pad_depth_offset' to 's_axilite & ap_none'.
INFO: [RTGEN 206-500] Setting interface mode on port 'bilateralFilterKernel/size_x' to 's_axilite & ap_none'.
INFO: [RTGEN 206-500] Setting interface mode on port 'bilateralFilterKernel/size_y' to 's_axilite & ap_none'.
INFO: [RTGEN 206-500] Setting interface mode on port 'bilateralFilterKernel/gaussian_offset' to 's_axilite & ap_none'.
INFO: [RTGEN 206-500] Setting interface mode on port 'bilateralFilterKernel/e_d' to 's_axilite & ap_none'.
INFO: [RTGEN 206-500] Setting interface mode on port 'bilateralFilterKernel/r' to 's_axilite & ap_none'.
INFO: [RTGEN 206-500] Setting interface mode on port 'bilateralFilterKernel/start' to 's_axilite & ap_none'.
INFO: [RTGEN 206-500] Setting interface mode on port 'bilateralFilterKernel/end_r' to 's_axilite & ap_none'.
INFO: [RTGEN 206-500] Setting interface mode on function 'bilateralFilterKernel' to 's_axilite & ap_ctrl_hs'.
INFO: [RTGEN 206-100] Bundling port 'return', 'out_offset', 'pad_depth_offset', 'size_x', 'size_y', 'gaussian_offset', 'e_d', 'r', 'start' and 'end_r' to AXI-Lite port control.
INFO: [RTGEN 206-104] Estimated max fanout for 'bilateralFilterKernel' is 53458 from HDL expression: ((1'b0 == ap_block_pp6_stage0_11001) & (1'b1 == ap_CS_fsm_pp6_stage0))
INFO: [RTGEN 206-100] Generating core module 'bilateralFilterKernel_fadd_32ns_32ns_32_10_full_dsp_1': 15 instance(s).
INFO: [RTGEN 206-100] Generating core module 'bilateralFilterKernel_faddfsub_32ns_32ns_32_10_full_dsp_1': 2 instance(s).
INFO: [RTGEN 206-100] Generating core module 'bilateralFilterKernel_fcmp_32ns_32ns_1_3_1': 9 instance(s).
INFO: [RTGEN 206-100] Generating core module 'bilateralFilterKernel_fdiv_32ns_32ns_32_30_1': 9 instance(s).
INFO: [RTGEN 206-100] Generating core module 'bilateralFilterKernel_fexp_32ns_32ns_32_18_full_dsp_1': 9 instance(s).
INFO: [RTGEN 206-100] Generating core module 'bilateralFilterKernel_fmul_32ns_32ns_32_6_max_dsp_1': 33 instance(s).
INFO: [RTGEN 206-100] Generating core module 'bilateralFilterKernel_fsub_32ns_32ns_32_10_full_dsp_1': 7 instance(s).
INFO: [RTGEN 206-100] Generating core module 'bilateralFilterKernel_mul_32s_32s_32_2_1': 2 instance(s).
INFO: [RTGEN 206-100] Finished creating RTL model for 'bilateralFilterKernel'.
Command       create_rtl_model done; 6.63 sec.
INFO: [HLS 200-111]  Elapsed time: 9.07 seconds; current allocated memory: 125.246 MB.
Execute       source /home/pastoikos/Documents/bilateralFilterKernel_HLS/solution1/.autopilot/db/bilateralFilterKernel.rtl_wrap.cfg.tcl 
Execute       gen_rtl bilateralFilterKernel -istop -style xilinx -tracefl mytrace -tracefmt vcd -traceopt all -f -lang sc -o /home/pastoikos/Documents/bilateralFilterKernel_HLS/solution1/syn/systemc/bilateralFilterKernel -synmodules bilateralFilterKernel 
Command       gen_rtl done; 0.11 sec.
Execute       gen_rtl bilateralFilterKernel -istop -style xilinx -f -lang vhdl -o /home/pastoikos/Documents/bilateralFilterKernel_HLS/solution1/syn/vhdl/bilateralFilterKernel 
Command       gen_rtl done; 1.12 sec.
Execute       gen_rtl bilateralFilterKernel -istop -style xilinx -f -lang vlog -o /home/pastoikos/Documents/bilateralFilterKernel_HLS/solution1/syn/verilog/bilateralFilterKernel 
Command       gen_rtl done; 0.63 sec.
Execute       export_constraint_db -o /home/pastoikos/Documents/bilateralFilterKernel_HLS/solution1/.autopilot/db/bilateralFilterKernel.constraint.tcl -f -tool general 
Execute       report -model bilateralFilterKernel -o /home/pastoikos/Documents/bilateralFilterKernel_HLS/solution1/.autopilot/db/bilateralFilterKernel.design.xml -verbose -f -dv 
Command       report done; 1.06 sec.
Execute       report -model bilateralFilterKernel -o /home/pastoikos/Documents/bilateralFilterKernel_HLS/solution1/.autopilot/db/bilateralFilterKernel.sdaccel.xml -verbose -f -sdaccel 
Command       report done; 1.81 sec.
Execute       gen_tb_info bilateralFilterKernel -o /home/pastoikos/Documents/bilateralFilterKernel_HLS/solution1/.autopilot/db/bilateralFilterKernel -p /home/pastoikos/Documents/bilateralFilterKernel_HLS/solution1/.autopilot/db 
Execute       report -model bilateralFilterKernel -o /home/pastoikos/Documents/bilateralFilterKernel_HLS/solution1/syn/report/bilateralFilterKernel_csynth.rpt -f 
Command       report done; 0.57 sec.
Execute       report -model bilateralFilterKernel -o /home/pastoikos/Documents/bilateralFilterKernel_HLS/solution1/syn/report/bilateralFilterKernel_csynth.xml -f -x 
Command       report done; 0.53 sec.
Execute       report -model bilateralFilterKernel -o /home/pastoikos/Documents/bilateralFilterKernel_HLS/solution1/.autopilot/db/bilateralFilterKernel.verbose.rpt -verbose -f 
Command       report done; 2.98 sec.
Execute       db_write -model bilateralFilterKernel -o /home/pastoikos/Documents/bilateralFilterKernel_HLS/solution1/.autopilot/db/bilateralFilterKernel.adb -f 
Command       db_write done; 0.81 sec.
Execute       sc_get_clocks bilateralFilterKernel 
Execute       get_config_export -vivado_clock 
Execute       sc_get_portdomain bilateralFilterKernel 
INFO-FLOW: Model list for RTL component generation: bilateralFilterKernel
INFO-FLOW: Handling components in module [bilateralFilterKernel] ... 
Execute       source /home/pastoikos/Documents/bilateralFilterKernel_HLS/solution1/.autopilot/db/bilateralFilterKernel.compgen.tcl 
INFO-FLOW: Found component bilateralFilterKernel_fsub_32ns_32ns_32_10_full_dsp_1.
INFO-FLOW: Append model bilateralFilterKernel_fsub_32ns_32ns_32_10_full_dsp_1
INFO-FLOW: Found component bilateralFilterKernel_faddfsub_32ns_32ns_32_10_full_dsp_1.
INFO-FLOW: Append model bilateralFilterKernel_faddfsub_32ns_32ns_32_10_full_dsp_1
INFO-FLOW: Found component bilateralFilterKernel_fadd_32ns_32ns_32_10_full_dsp_1.
INFO-FLOW: Append model bilateralFilterKernel_fadd_32ns_32ns_32_10_full_dsp_1
INFO-FLOW: Found component bilateralFilterKernel_fmul_32ns_32ns_32_6_max_dsp_1.
INFO-FLOW: Append model bilateralFilterKernel_fmul_32ns_32ns_32_6_max_dsp_1
INFO-FLOW: Found component bilateralFilterKernel_fdiv_32ns_32ns_32_30_1.
INFO-FLOW: Append model bilateralFilterKernel_fdiv_32ns_32ns_32_30_1
INFO-FLOW: Found component bilateralFilterKernel_fcmp_32ns_32ns_1_3_1.
INFO-FLOW: Append model bilateralFilterKernel_fcmp_32ns_32ns_1_3_1
INFO-FLOW: Found component bilateralFilterKernel_fexp_32ns_32ns_32_18_full_dsp_1.
INFO-FLOW: Append model bilateralFilterKernel_fexp_32ns_32ns_32_18_full_dsp_1
INFO-FLOW: Found component bilateralFilterKernel_mul_32s_32s_32_2_1.
INFO-FLOW: Append model bilateralFilterKernel_mul_32s_32s_32_2_1
INFO-FLOW: Found component bilateralFilterKernel_out_array.
INFO-FLOW: Append model bilateralFilterKernel_out_array
INFO-FLOW: Found component bilateralFilterKernel_pad_depth_array_1.
INFO-FLOW: Append model bilateralFilterKernel_pad_depth_array_1
INFO-FLOW: Found component bilateralFilterKernel_gaussian_array.
INFO-FLOW: Append model bilateralFilterKernel_gaussian_array
INFO-FLOW: Found component bilateralFilterKernel_control_s_axi.
INFO-FLOW: Append model bilateralFilterKernel_control_s_axi
INFO-FLOW: Found component bilateralFilterKernel_out_r_m_axi.
INFO-FLOW: Append model bilateralFilterKernel_out_r_m_axi
INFO-FLOW: Found component bilateralFilterKernel_pad_depth_m_axi.
INFO-FLOW: Append model bilateralFilterKernel_pad_depth_m_axi
INFO-FLOW: Found component bilateralFilterKernel_gaussian_m_axi.
INFO-FLOW: Append model bilateralFilterKernel_gaussian_m_axi
INFO-FLOW: Append model bilateralFilterKernel
INFO-FLOW: Generating RTL model list ...
INFO-FLOW: All models in this session: bilateralFilterKernel_fsub_32ns_32ns_32_10_full_dsp_1 bilateralFilterKernel_faddfsub_32ns_32ns_32_10_full_dsp_1 bilateralFilterKernel_fadd_32ns_32ns_32_10_full_dsp_1 bilateralFilterKernel_fmul_32ns_32ns_32_6_max_dsp_1 bilateralFilterKernel_fdiv_32ns_32ns_32_30_1 bilateralFilterKernel_fcmp_32ns_32ns_1_3_1 bilateralFilterKernel_fexp_32ns_32ns_32_18_full_dsp_1 bilateralFilterKernel_mul_32s_32s_32_2_1 bilateralFilterKernel_out_array bilateralFilterKernel_pad_depth_array_1 bilateralFilterKernel_gaussian_array bilateralFilterKernel_control_s_axi bilateralFilterKernel_out_r_m_axi bilateralFilterKernel_pad_depth_m_axi bilateralFilterKernel_gaussian_m_axi bilateralFilterKernel
INFO-FLOW: To file: write model bilateralFilterKernel_fsub_32ns_32ns_32_10_full_dsp_1
INFO-FLOW: To file: write model bilateralFilterKernel_faddfsub_32ns_32ns_32_10_full_dsp_1
INFO-FLOW: To file: write model bilateralFilterKernel_fadd_32ns_32ns_32_10_full_dsp_1
INFO-FLOW: To file: write model bilateralFilterKernel_fmul_32ns_32ns_32_6_max_dsp_1
INFO-FLOW: To file: write model bilateralFilterKernel_fdiv_32ns_32ns_32_30_1
INFO-FLOW: To file: write model bilateralFilterKernel_fcmp_32ns_32ns_1_3_1
INFO-FLOW: To file: write model bilateralFilterKernel_fexp_32ns_32ns_32_18_full_dsp_1
INFO-FLOW: To file: write model bilateralFilterKernel_mul_32s_32s_32_2_1
INFO-FLOW: To file: write model bilateralFilterKernel_out_array
INFO-FLOW: To file: write model bilateralFilterKernel_pad_depth_array_1
INFO-FLOW: To file: write model bilateralFilterKernel_gaussian_array
INFO-FLOW: To file: write model bilateralFilterKernel_control_s_axi
INFO-FLOW: To file: write model bilateralFilterKernel_out_r_m_axi
INFO-FLOW: To file: write model bilateralFilterKernel_pad_depth_m_axi
INFO-FLOW: To file: write model bilateralFilterKernel_gaussian_m_axi
INFO-FLOW: To file: write model bilateralFilterKernel
INFO-FLOW: Finished generating RTL model list.


INFO-FLOW: RTL Generation done.
INFO-FLOW: CAS Generation done.
INFO-FLOW: CBC Generation done.
INFO-FLOW: DBG:CMD: auto_generate_csynth_design
INFO-FLOW: DBG:CMD:     auto_generate --sim-model -phase csynth_design -d /home/pastoikos/Documents/bilateralFilterKernel_HLS/solution1
Execute       source /home/pastoikos/Documents/bilateralFilterKernel_HLS/solution1/.autopilot/db/global.setting.tcl 
INFO-FLOW: DBG:CMD: read_platform_lib /home/pastoikos/Documents/bilateralFilterKernel_HLS/solution1/.autopilot/db/global.setting.tcl
Execute       source /tools/Xilinx/Vivado/2018.3/common/technology/generic/autopilot/common.gen 
Execute         source /tools/Xilinx/Vivado/2018.3/common/technology/generic/autopilot/APCoreGen.gen 
Execute       source /tools/Xilinx/Vivado/2018.3/common/technology/generic/autopilot/op.gen 
Execute       source /tools/Xilinx/Vivado/2018.3/common/technology/generic/autopilot/op_simcore.gen 
Execute       source /tools/Xilinx/Vivado/2018.3/common/technology/generic/autopilot/interface.gen 
Execute       source /home/pastoikos/Documents/bilateralFilterKernel_HLS/solution1/.autopilot/db/global.setting.tcl 
Execute       source /tools/Xilinx/Vivado/2018.3/common/technology/xilinx/zynquplus/zynquplus.gen 
Execute         source /tools/Xilinx/Vivado/2018.3/common/technology/xilinx/common/virtex.gen 
Execute           source /tools/Xilinx/Vivado/2018.3/common/technology/xilinx/common/xilinx.gen 
Execute             source /tools/Xilinx/Vivado/2018.3/common/technology/xilinx/interface/plb46.gen 
Execute             source /tools/Xilinx/Vivado/2018.3/common/technology/xilinx/interface/fsl.gen 
Execute             source /tools/Xilinx/Vivado/2018.3/common/technology/xilinx/interface/axi4.gen 
Execute             source /tools/Xilinx/Vivado/2018.3/common/technology/xilinx/interface/nativeAXI4.gen 
Execute               source /tools/Xilinx/Vivado/2018.3/common/technology/xilinx/interface/saxilite.gen 
Execute               source /tools/Xilinx/Vivado/2018.3/common/technology/xilinx/interface/maxi.gen 
Execute             source /tools/Xilinx/Vivado/2018.3/common/technology/xilinx/scripts/xilinxcoregen.gen 
Execute             source /tools/Xilinx/Vivado/2018.3/common/technology/xilinx/interface/XilEDKCoreGen.gen 
Execute             source /tools/Xilinx/Vivado/2018.3/common/technology/xilinx/ip/dds_compiler.gen 
Execute             source /tools/Xilinx/Vivado/2018.3/common/technology/xilinx/ip/util.gen 
Execute             source /tools/Xilinx/Vivado/2018.3/common/technology/xilinx/ip/xfft.gen 
Execute             source /tools/Xilinx/Vivado/2018.3/common/technology/xilinx/ip/xfir.gen 
Execute           source /tools/Xilinx/Vivado/2018.3/common/technology/xilinx/common/dsp48.gen 
Execute       source /tools/Xilinx/Vivado/2018.3/common/technology/xilinx/zynquplus/zynquplus_fpv7.gen 
Execute         source /tools/Xilinx/Vivado/2018.3/common/technology/xilinx/common/xilinx_fpv6.gen 
INFO-FLOW: DBG:CMD:   using AESL_AUTOCG::g_clock_period=3.110 (was NA)
INFO-FLOW: DBG:CMD:       generate_ip_cores sim=1 export=0 expOnly=0 dstVlogDir=syn/verilog
Execute       source /home/pastoikos/Documents/bilateralFilterKernel_HLS/solution1/.autopilot/db/global.setting.tcl 
Execute       source /home/pastoikos/Documents/bilateralFilterKernel_HLS/solution1/.autopilot/db/global.setting.tcl 
Execute       source /home/pastoikos/Documents/bilateralFilterKernel_HLS/solution1/.autopilot/db/global.setting.tcl 
Execute       source /home/pastoikos/Documents/bilateralFilterKernel_HLS/solution1/.autopilot/db/bilateralFilterKernel.compgen.tcl 
INFO: [RTMG 210-282] Generating pipelined core: 'bilateralFilterKernel_mul_32s_32s_32_2_1_MulnS_0'
INFO: [RTMG 210-278] Implementing memory 'bilateralFilterKernel_out_array_ram (RAM)' using block RAMs.
INFO: [RTMG 210-278] Implementing memory 'bilateralFilterKernel_pad_depth_array_1_ram (RAM)' using block RAMs.
INFO: [RTMG 210-278] Implementing memory 'bilateralFilterKernel_gaussian_array_ram (RAM)' using distributed RAMs.
Execute         source ./control.slave.tcl 
Execute         is_m_axi_addr64 
Command       ap_source done; 0.31 sec.
INFO-FLOW: DBG:CMD:     auto_generate -export -impltomg_flag -rtl both -tool Vivado -pcore_version 1.00.a -phase csynth_design -d /home/pastoikos/Documents/bilateralFilterKernel_HLS/solution1
Execute       source /home/pastoikos/Documents/bilateralFilterKernel_HLS/solution1/.autopilot/db/global.setting.tcl 
INFO-FLOW: DBG:CMD: read_platform_lib /home/pastoikos/Documents/bilateralFilterKernel_HLS/solution1/.autopilot/db/global.setting.tcl
Execute       source /tools/Xilinx/Vivado/2018.3/common/technology/generic/autopilot/common.gen 
Execute         source /tools/Xilinx/Vivado/2018.3/common/technology/generic/autopilot/APCoreGen.gen 
Execute       source /tools/Xilinx/Vivado/2018.3/common/technology/generic/autopilot/op.gen 
Execute       source /tools/Xilinx/Vivado/2018.3/common/technology/generic/autopilot/op_simcore.gen 
Execute       source /tools/Xilinx/Vivado/2018.3/common/technology/generic/autopilot/interface.gen 
Execute       source /home/pastoikos/Documents/bilateralFilterKernel_HLS/solution1/.autopilot/db/global.setting.tcl 
Execute       source /tools/Xilinx/Vivado/2018.3/common/technology/xilinx/zynquplus/zynquplus.gen 
Execute         source /tools/Xilinx/Vivado/2018.3/common/technology/xilinx/common/virtex.gen 
Execute           source /tools/Xilinx/Vivado/2018.3/common/technology/xilinx/common/xilinx.gen 
Execute             source /tools/Xilinx/Vivado/2018.3/common/technology/xilinx/interface/plb46.gen 
Execute             source /tools/Xilinx/Vivado/2018.3/common/technology/xilinx/interface/fsl.gen 
Execute             source /tools/Xilinx/Vivado/2018.3/common/technology/xilinx/interface/axi4.gen 
Execute             source /tools/Xilinx/Vivado/2018.3/common/technology/xilinx/interface/nativeAXI4.gen 
Execute               source /tools/Xilinx/Vivado/2018.3/common/technology/xilinx/interface/saxilite.gen 
Execute               source /tools/Xilinx/Vivado/2018.3/common/technology/xilinx/interface/maxi.gen 
Execute             source /tools/Xilinx/Vivado/2018.3/common/technology/xilinx/scripts/xilinxcoregen.gen 
Execute             source /tools/Xilinx/Vivado/2018.3/common/technology/xilinx/interface/XilEDKCoreGen.gen 
Execute             source /tools/Xilinx/Vivado/2018.3/common/technology/xilinx/ip/dds_compiler.gen 
Execute             source /tools/Xilinx/Vivado/2018.3/common/technology/xilinx/ip/util.gen 
Execute             source /tools/Xilinx/Vivado/2018.3/common/technology/xilinx/ip/xfft.gen 
Execute             source /tools/Xilinx/Vivado/2018.3/common/technology/xilinx/ip/xfir.gen 
Execute           source /tools/Xilinx/Vivado/2018.3/common/technology/xilinx/common/dsp48.gen 
Execute       source /tools/Xilinx/Vivado/2018.3/common/technology/xilinx/zynquplus/zynquplus_fpv7.gen 
Execute         source /tools/Xilinx/Vivado/2018.3/common/technology/xilinx/common/xilinx_fpv6.gen 
INFO-FLOW: DBG:CMD:       initCTypeInfo top_module=bilateralFilterKernel xml_exists=0
Execute       source /home/pastoikos/Documents/bilateralFilterKernel_HLS/solution1/.autopilot/db/bilateralFilterKernel.rtl_wrap.cfg.tcl 
Execute       source /home/pastoikos/Documents/bilateralFilterKernel_HLS/solution1/.autopilot/db/bilateralFilterKernel.rtl_wrap.cfg.tcl 
Execute       source /home/pastoikos/Documents/bilateralFilterKernel_HLS/solution1/.autopilot/db/bilateralFilterKernel.rtl_wrap.cfg.tcl 
Execute       source /home/pastoikos/Documents/bilateralFilterKernel_HLS/solution1/.autopilot/db/bilateralFilterKernel.tbgen.tcl 
Execute       source /home/pastoikos/Documents/bilateralFilterKernel_HLS/solution1/.autopilot/db/bilateralFilterKernel.tbgen.tcl 
INFO-FLOW: DBG:CMD:       export_impl_rtl
INFO-FLOW: DBG:CMD:       generate_ip_cores sim=0 export=0 expOnly=0 dstVlogDir=impl/.verilog
Execute       source /home/pastoikos/Documents/bilateralFilterKernel_HLS/solution1/.autopilot/db/global.setting.tcl 
Execute       source /home/pastoikos/Documents/bilateralFilterKernel_HLS/solution1/.autopilot/db/bilateralFilterKernel.compgen.tcl 
INFO-FLOW: DBG:CMD:       generate_ip_cores sim=0 export=1 expOnly=1 dstVlogDir=impl/.pcores/verilog
Execute       source /home/pastoikos/Documents/bilateralFilterKernel_HLS/solution1/.autopilot/db/global.setting.tcl 
Execute       source /home/pastoikos/Documents/bilateralFilterKernel_HLS/solution1/.autopilot/db/bilateralFilterKernel.compgen.tcl 
INFO-FLOW: DBG:CMD:       generate_ip_cores sim=0 export=0 expOnly=0 dstVlogDir=impl/.pcores/verilog_sim
Execute       source /home/pastoikos/Documents/bilateralFilterKernel_HLS/solution1/.autopilot/db/global.setting.tcl 
Execute       source /home/pastoikos/Documents/bilateralFilterKernel_HLS/solution1/.autopilot/db/bilateralFilterKernel.compgen.tcl 
Execute       source /home/pastoikos/Documents/bilateralFilterKernel_HLS/solution1/.autopilot/db/global.setting.tcl 
Execute       source /home/pastoikos/Documents/bilateralFilterKernel_HLS/solution1/.autopilot/db/bilateralFilterKernel.constraint.tcl 
Execute       source /home/pastoikos/Documents/bilateralFilterKernel_HLS/solution1/.autopilot/db/bilateralFilterKernel.tbgen.tcl 
INFO-FLOW: DBG:CMD:       hasPcoreIpAdapter=false #gSsdmPorts=0
INFO-FLOW: DBG:CMD: Skipping loadAnalyze_DB, #g_database=12
INFO-FLOW: DBG:CMD:       generate_json is_phase_csynth=1 g_has_adaptors=false generate_bd_files=0 #modelList=16 #gSsdmPorts=0
Execute       source /home/pastoikos/Documents/bilateralFilterKernel_HLS/solution1/.autopilot/db/global.setting.tcl 
Execute       source /home/pastoikos/Documents/bilateralFilterKernel_HLS/solution1/.autopilot/db/global.setting.tcl 
Execute       source /home/pastoikos/Documents/bilateralFilterKernel_HLS/solution1/.autopilot/db/bilateralFilterKernel.tbgen.tcl 
Execute       source /home/pastoikos/Documents/bilateralFilterKernel_HLS/solution1/.autopilot/db/bilateralFilterKernel.tbgen.tcl 
Execute       source /home/pastoikos/Documents/bilateralFilterKernel_HLS/solution1/.autopilot/db/bilateralFilterKernel.tbgen.tcl 
Execute       source /home/pastoikos/Documents/bilateralFilterKernel_HLS/solution1/.autopilot/db/global.setting.tcl 
Execute       get_config_sdx -target 
Execute       get_config_export -xo 
Execute       source /home/pastoikos/Documents/bilateralFilterKernel_HLS/solution1/.autopilot/db/global.setting.tcl 
Execute       source /home/pastoikos/Documents/bilateralFilterKernel_HLS/solution1/.autopilot/db/bilateralFilterKernel.constraint.tcl 
Execute       sc_get_clocks bilateralFilterKernel 
Execute       source /home/pastoikos/Documents/bilateralFilterKernel_HLS/solution1/.autopilot/db/global.setting.tcl 
Execute       source /home/pastoikos/Documents/bilateralFilterKernel_HLS/solution1/impl/misc/bilateralFilterKernel_ap_fadd_8_full_dsp_32_ip.tcl 
Execute       source /home/pastoikos/Documents/bilateralFilterKernel_HLS/solution1/impl/misc/bilateralFilterKernel_ap_faddfsub_8_full_dsp_32_ip.tcl 
Execute       source /home/pastoikos/Documents/bilateralFilterKernel_HLS/solution1/impl/misc/bilateralFilterKernel_ap_fcmp_1_no_dsp_32_ip.tcl 
Execute       source /home/pastoikos/Documents/bilateralFilterKernel_HLS/solution1/impl/misc/bilateralFilterKernel_ap_fdiv_28_no_dsp_32_ip.tcl 
Execute       source /home/pastoikos/Documents/bilateralFilterKernel_HLS/solution1/impl/misc/bilateralFilterKernel_ap_fexp_16_full_dsp_32_ip.tcl 
Execute       source /home/pastoikos/Documents/bilateralFilterKernel_HLS/solution1/impl/misc/bilateralFilterKernel_ap_fmul_4_max_dsp_32_ip.tcl 
Execute       source /home/pastoikos/Documents/bilateralFilterKernel_HLS/solution1/impl/misc/bilateralFilterKernel_ap_fsub_8_full_dsp_32_ip.tcl 
Execute       get_config_sdx -target 
Execute       get_config_sdx -profile 
Execute       ::config_rtl 
INFO-FLOW: DBG:CMD: add_json_sdx_info kernel file does not exist: /home/pastoikos/Documents/bilateralFilterKernel_HLS/solution1/.autopilot/db/kernel.internal.xml
INFO-FLOW: DBG:CMD:       delete-temp-dirs (skipped for debug)
INFO: [HLS 200-111] Finished generating all RTL models Time (s): cpu = 00:00:35 ; elapsed = 00:00:39 . Memory (MB): peak = 626.969 ; gain = 192.000 ; free physical = 5003 ; free virtual = 13205
INFO: [SYSC 207-301] Generating SystemC RTL for bilateralFilterKernel.
INFO: [VHDL 208-304] Generating VHDL RTL for bilateralFilterKernel.
INFO: [VLOG 209-307] Generating Verilog RTL for bilateralFilterKernel.
Command     autosyn done; 26.3 sec.
Execute     get_part 
Execute     get_config_export -sdx_tcl 
Command   csynth_design done; 38.49 sec.
Command ap_source done; 38.81 sec.
Execute cleanup_all 
INFO-FLOW: Workspace /home/pastoikos/Documents/bilateralFilterKernel_HLS/solution1 opened at Fri Jan 17 13:27:17 EET 2020
Execute     config_clock -quiet -name default -period 3.11 -default=false 
INFO: [SYN 201-201] Setting up clock 'default' with a period of 3.11ns.
Execute     config_clock -quiet -name default -uncertainty 0.389 -unit % 
INFO: [SYN 201-201] Setting up clock 'default' with an uncertainty of 0.389ns.
Execute     open_platform DefaultPlatform 
Execute     import_lib /tools/Xilinx/Vivado/2018.3/common/technology/xilinx/zynquplus/zynquplus 
Execute       source /tools/Xilinx/Vivado/2018.3/common/technology/xilinx/common/xilinx.lib 
Execute         source /tools/Xilinx/Vivado/2018.3/common/technology/xilinx/interface/xilinx_interface.lib 
Execute           source /tools/Xilinx/Vivado/2018.3/common/technology/xilinx/interface/plb46.lib 
Execute           source /tools/Xilinx/Vivado/2018.3/common/technology/xilinx/interface/fsl.lib 
Execute           source /tools/Xilinx/Vivado/2018.3/common/technology/xilinx/interface/axi4.lib 
Execute           source /tools/Xilinx/Vivado/2018.3/common/technology/xilinx/interface/maxi.lib 
Execute           source /tools/Xilinx/Vivado/2018.3/common/technology/xilinx/interface/saxilite.lib 
Execute         source /tools/Xilinx/Vivado/2018.3/common/technology/xilinx/common/dsp48.lib 
Execute         source /tools/Xilinx/Vivado/2018.3/common/technology/xilinx/ip/dds_compiler.lib 
Execute         source /tools/Xilinx/Vivado/2018.3/common/technology/xilinx/ip/xfir.lib 
Execute         source /tools/Xilinx/Vivado/2018.3/common/technology/xilinx/ip/xfft.lib 
Execute       source /tools/Xilinx/Vivado/2018.3/common/technology/xilinx/common/xilinx_old.lib 
Execute       source /tools/Xilinx/Vivado/2018.3/common/technology/xilinx/common/xilinx_vivado.lib 
Execute       source /tools/Xilinx/Vivado/2018.3/common/technology/xilinx/common/xilinx.hlp 
Execute         source /tools/Xilinx/Vivado/2018.3/common/technology/xilinx/common/target_info.tcl 
Execute         source /tools/Xilinx/Vivado/2018.3/common/technology/xilinx/interface/xilinx_interface.hlp 
Execute           source /tools/Xilinx/Vivado/2018.3/common/technology/xilinx/interface/maxi.hlp 
Execute           source /tools/Xilinx/Vivado/2018.3/common/technology/xilinx/interface/saxilite.hlp 
Execute         source /tools/Xilinx/Vivado/2018.3/common/technology/xilinx/common/dsp48.hlp 
Execute       source /tools/Xilinx/Vivado/2018.3/common/technology/xilinx/zynquplus/dsp48e2.hlp 
Execute       get_default_platform 
Execute       config_chip_info -quiet -resource  {SLICE 34260} {LUT 274080}   {FF 548160}  {DSP48E 2520}  {BRAM 1824} {URAM 0}  
Execute       config_chip_info -quiet -speed medium 
Execute       source /tools/Xilinx/Vivado/2018.3/common/technology/xilinx/common/xilinx.hlp 
Execute         source /tools/Xilinx/Vivado/2018.3/common/technology/xilinx/common/target_info.tcl 
Execute         source /tools/Xilinx/Vivado/2018.3/common/technology/xilinx/interface/xilinx_interface.hlp 
Execute           source /tools/Xilinx/Vivado/2018.3/common/technology/xilinx/interface/maxi.hlp 
Execute           source /tools/Xilinx/Vivado/2018.3/common/technology/xilinx/interface/saxilite.hlp 
Execute         source /tools/Xilinx/Vivado/2018.3/common/technology/xilinx/common/dsp48.hlp 
Execute     source /tools/Xilinx/Vivado/2018.3/common/technology/xilinx/zynquplus/zynquplus.gen 
Execute       source /tools/Xilinx/Vivado/2018.3/common/technology/xilinx/common/virtex.gen 
Execute         source /tools/Xilinx/Vivado/2018.3/common/technology/xilinx/common/xilinx.gen 
Execute           source /tools/Xilinx/Vivado/2018.3/common/technology/xilinx/interface/plb46.gen 
Execute           source /tools/Xilinx/Vivado/2018.3/common/technology/xilinx/interface/fsl.gen 
Execute           source /tools/Xilinx/Vivado/2018.3/common/technology/xilinx/interface/axi4.gen 
Execute           source /tools/Xilinx/Vivado/2018.3/common/technology/xilinx/interface/nativeAXI4.gen 
Execute             source /tools/Xilinx/Vivado/2018.3/common/technology/xilinx/interface/saxilite.gen 
Execute             source /tools/Xilinx/Vivado/2018.3/common/technology/xilinx/interface/maxi.gen 
Execute           source /tools/Xilinx/Vivado/2018.3/common/technology/xilinx/scripts/xilinxcoregen.gen 
Execute           source /tools/Xilinx/Vivado/2018.3/common/technology/xilinx/interface/XilEDKCoreGen.gen 
Execute           source /tools/Xilinx/Vivado/2018.3/common/technology/xilinx/ip/dds_compiler.gen 
Execute           source /tools/Xilinx/Vivado/2018.3/common/technology/xilinx/ip/util.gen 
Execute           source /tools/Xilinx/Vivado/2018.3/common/technology/xilinx/ip/xfft.gen 
Execute           source /tools/Xilinx/Vivado/2018.3/common/technology/xilinx/ip/xfir.gen 
Command         ap_source done; 0.14 sec.
Execute         source /tools/Xilinx/Vivado/2018.3/common/technology/xilinx/common/dsp48.gen 
Command       ap_source done; 0.15 sec.
Command     ap_source done; 0.15 sec.
Execute     open_platform DefaultPlatform 
Execute     import_lib /tools/Xilinx/Vivado/2018.3/common/technology/xilinx/zynquplus/zynquplus_fpv7 
Execute       source /tools/Xilinx/Vivado/2018.3/common/technology/xilinx/common/xilinx_fpv7.lib 
Execute         source /tools/Xilinx/Vivado/2018.3/common/technology/xilinx/common/xilinx_hp.lib 
Execute       source /tools/Xilinx/Vivado/2018.3/common/technology/xilinx/common/xilinx_fpv.hlp 
Execute         source /tools/Xilinx/Vivado/2018.3/common/technology/xilinx/common/xilinx.hlp 
Execute           source /tools/Xilinx/Vivado/2018.3/common/technology/xilinx/common/target_info.tcl 
Execute           source /tools/Xilinx/Vivado/2018.3/common/technology/xilinx/interface/xilinx_interface.hlp 
Execute             source /tools/Xilinx/Vivado/2018.3/common/technology/xilinx/interface/maxi.hlp 
Execute             source /tools/Xilinx/Vivado/2018.3/common/technology/xilinx/interface/saxilite.hlp 
Execute           source /tools/Xilinx/Vivado/2018.3/common/technology/xilinx/common/dsp48.hlp 
Execute       source /tools/Xilinx/Vivado/2018.3/common/technology/xilinx/zynquplus/zynquplus_hp.hlp 
Execute     source /tools/Xilinx/Vivado/2018.3/common/technology/xilinx/zynquplus/zynquplus_fpv7.gen 
Execute       source /tools/Xilinx/Vivado/2018.3/common/technology/xilinx/common/xilinx_fpv6.gen 
Execute     set_part xczu9eg-ffvb1156-2-i 
Execute       add_library xilinx/zynquplus/zynquplus:xczu9eg:-ffvb1156:-2-i 
Execute         get_default_platform 
Execute         license_isbetapart xczu9eg 
Command         license_isbetapart done; error code: 1; 
Execute         get_default_platform 
Execute         config_chip_info -quiet -resource  {SLICE 34260} {LUT 274080}   {FF 548160}  {DSP48E 2520}  {BRAM 1824} {URAM 0}  
Execute         config_chip_info -quiet -speed medium 
Execute       add_library xilinx/zynquplus/zynquplus_fpv7 
Execute         get_default_platform 
INFO: [HLS 200-10] Setting target device to 'xczu9eg-ffvb1156-2-i'
Execute       get_default_platform 
Execute     get_default_platform 
Execute     config_chip_info -quiet -resource  {SLICE 34260} {LUT 274080}   {FF 548160}  {DSP48E 2520}  {BRAM 1824} {URAM 0}  
Execute     config_chip_info -quiet -speed medium 
Execute     config_compile -no_signed_zeros=0 
INFO: [XFORM 203-1172] Optimizing floating point zeros and discarding its signedness.
Execute     config_compile -unsafe_math_optimizations=0 
INFO: [XFORM 203-1172] Optimizing floating point zeros and discarding its signedness.
INFO: [XFORM 203-1173] Reordering floating point operations aggressively.
INFO: [XFORM 203-1176] Optimizing floating point comparison without checking NaN.
Execute     config_schedule -effort=medium 
Execute     config_schedule -enable_dsp_full_reg=0 
Execute     config_schedule -relax_ii_for_timing=0 
Execute     config_schedule -verbose=0 
Execute     config_export -format=ip_catalog 
Execute     config_export -rtl=verilog 
Execute     config_export -vivado_phys_opt=place 
Execute     config_export -vivado_report_level=0 
Execute     config_bind -effort=medium 
Execute     config_sdx -optimization_level=none 
Execute       get_config_export -vivado_synth_design_args 
Execute       get_config_export -vivado_impl_strategy 
Execute       get_config_export -vivado_synth_strategy 
Execute       get_config_export -vivado_phys_opt 
Execute       get_config_bind -effort 
Execute       get_config_schedule -effort 
Execute     config_sdx -target=none 
Execute       send_msg_by_id INFO @200-435@%s%s 'config_sdx -target' config_sdx -optimization_level=none 
INFO: [HLS 200-435] Setting 'config_sdx -target' configuration: config_sdx -optimization_level=none
Execute       config_sdx -optimization_level=none 
Execute         get_config_export -vivado_synth_design_args 
Execute         get_config_export -vivado_impl_strategy 
Execute         get_config_export -vivado_synth_strategy 
Execute         get_config_export -vivado_phys_opt 
Execute         get_config_bind -effort 
Execute         get_config_schedule -effort 
Execute       get_config_compile -pipeline_loops 
Execute       get_config_compile -name_max_length 
Execute       get_config_schedule -relax_ii_for_timing 
Execute       get_config_schedule -enable_dsp_full_reg 
Execute       get_config_rtl -register_reset_num 
Execute       get_config_rtl -auto_prefix 
Execute       get_config_rtl -enable_maxiConservative 
Execute       get_config_interface -m_axi_addr64 
Execute       send_msg_by_id INFO @200-435@%s%s 'config_sdx -target' set_clock_uncertainty default 
INFO: [HLS 200-435] Setting 'config_sdx -target' configuration: set_clock_uncertainty default
Execute       set_clock_uncertainty default 
Command   open_solution done; 0.27 sec.
Execute   export_design -rtl verilog -format ip_catalog 
Execute     get_config_export -acc 
Execute     get_config_export -clock_margin 
Execute     get_config_export -custom_script 
Execute     get_config_export -description 
Execute     get_config_export -display_name 
Execute     get_config_export -driver_input_dir 
Execute     get_config_export -ipname 
Execute     get_config_export -kernel_drc 
Execute     get_config_export -library 
Execute     get_config_export -qor_test 
Execute     get_config_export -sdaccel 
Execute     get_config_export -sim 
Execute     get_config_export -taxonomy 
Execute     get_config_export -use_ip 
Execute     get_config_export -use_netlist 
Execute     get_config_export -vendor 
Execute     get_config_export -version 
Execute     get_config_export -xo 
Execute     config_export -format=ip_catalog -rtl=verilog 
INFO-FLOW: DBG:CMD: export_design_wrap: -format ip_catalog -rtl verilog
Execute     source /home/pastoikos/Documents/bilateralFilterKernel_HLS/solution1/.autopilot/db/global.setting.tcl 
Execute     get_config_export -vivado_clock 
Execute     get_top 
Execute     get_config_sdx -target 
Execute     get_config_rtl -auto_prefix 
Execute     get_config_sdx -target 
INFO-FLOW: DBG:CMD:   auto_impl: pack: -export -tool vivado -rtl verilog -sdx-target none
Execute     source /home/pastoikos/Documents/bilateralFilterKernel_HLS/solution1/.autopilot/db/global.setting.tcl 
INFO-FLOW: DBG:CMD: read_platform_lib /home/pastoikos/Documents/bilateralFilterKernel_HLS/solution1/.autopilot/db/global.setting.tcl
Execute     source /tools/Xilinx/Vivado/2018.3/common/technology/generic/autopilot/common.gen 
Execute       source /tools/Xilinx/Vivado/2018.3/common/technology/generic/autopilot/APCoreGen.gen 
Execute     source /tools/Xilinx/Vivado/2018.3/common/technology/generic/autopilot/op.gen 
Execute     source /tools/Xilinx/Vivado/2018.3/common/technology/generic/autopilot/op_simcore.gen 
Execute     source /tools/Xilinx/Vivado/2018.3/common/technology/generic/autopilot/interface.gen 
Execute     source /home/pastoikos/Documents/bilateralFilterKernel_HLS/solution1/.autopilot/db/global.setting.tcl 
Execute     source /tools/Xilinx/Vivado/2018.3/common/technology/xilinx/zynquplus/zynquplus.gen 
Execute       source /tools/Xilinx/Vivado/2018.3/common/technology/xilinx/common/virtex.gen 
Execute         source /tools/Xilinx/Vivado/2018.3/common/technology/xilinx/common/xilinx.gen 
Execute           source /tools/Xilinx/Vivado/2018.3/common/technology/xilinx/interface/plb46.gen 
Execute           source /tools/Xilinx/Vivado/2018.3/common/technology/xilinx/interface/fsl.gen 
Execute           source /tools/Xilinx/Vivado/2018.3/common/technology/xilinx/interface/axi4.gen 
Execute           source /tools/Xilinx/Vivado/2018.3/common/technology/xilinx/interface/nativeAXI4.gen 
Execute             source /tools/Xilinx/Vivado/2018.3/common/technology/xilinx/interface/saxilite.gen 
Execute             source /tools/Xilinx/Vivado/2018.3/common/technology/xilinx/interface/maxi.gen 
Execute           source /tools/Xilinx/Vivado/2018.3/common/technology/xilinx/scripts/xilinxcoregen.gen 
Execute           source /tools/Xilinx/Vivado/2018.3/common/technology/xilinx/interface/XilEDKCoreGen.gen 
Execute           source /tools/Xilinx/Vivado/2018.3/common/technology/xilinx/ip/dds_compiler.gen 
Execute           source /tools/Xilinx/Vivado/2018.3/common/technology/xilinx/ip/util.gen 
Execute           source /tools/Xilinx/Vivado/2018.3/common/technology/xilinx/ip/xfft.gen 
Execute           source /tools/Xilinx/Vivado/2018.3/common/technology/xilinx/ip/xfir.gen 
Execute         source /tools/Xilinx/Vivado/2018.3/common/technology/xilinx/common/dsp48.gen 
Command       ap_source done; 0.11 sec.
Command     ap_source done; 0.11 sec.
Execute     source /tools/Xilinx/Vivado/2018.3/common/technology/xilinx/zynquplus/zynquplus_fpv7.gen 
Execute       source /tools/Xilinx/Vivado/2018.3/common/technology/xilinx/common/xilinx_fpv6.gen 
INFO-FLOW: DBG:CMD:   using AESL_AUTOCG::g_clock_period=3.110 (was NA)
Execute     source /home/pastoikos/Documents/bilateralFilterKernel_HLS/solution1/.autopilot/db/global.setting.tcl 
INFO: [IMPL 213-8] Exporting RTL as a Vivado IP.
Execute     source /home/pastoikos/Documents/bilateralFilterKernel_HLS/solution1/.autopilot/db/global.setting.tcl 
INFO-FLOW: DBG:CMD: automg_wrap -export -pcore_version 1.00.a -rtl vlog -sdx-target none -tool Vivado -impltomg_flag
INFO-FLOW: DBG:CMD:     auto_generate -export -pcore_version 1.00.a -rtl vlog -sdx-target none -tool Vivado -impltomg_flag
Execute     source /home/pastoikos/Documents/bilateralFilterKernel_HLS/solution1/.autopilot/db/global.setting.tcl 
INFO-FLOW: DBG:CMD: read_platform_lib /home/pastoikos/Documents/bilateralFilterKernel_HLS/solution1/.autopilot/db/global.setting.tcl
Execute     source /tools/Xilinx/Vivado/2018.3/common/technology/generic/autopilot/common.gen 
Execute       source /tools/Xilinx/Vivado/2018.3/common/technology/generic/autopilot/APCoreGen.gen 
Execute     source /tools/Xilinx/Vivado/2018.3/common/technology/generic/autopilot/op.gen 
Execute     source /tools/Xilinx/Vivado/2018.3/common/technology/generic/autopilot/op_simcore.gen 
Execute     source /tools/Xilinx/Vivado/2018.3/common/technology/generic/autopilot/interface.gen 
Execute     source /home/pastoikos/Documents/bilateralFilterKernel_HLS/solution1/.autopilot/db/global.setting.tcl 
Execute     source /tools/Xilinx/Vivado/2018.3/common/technology/xilinx/zynquplus/zynquplus.gen 
Execute       source /tools/Xilinx/Vivado/2018.3/common/technology/xilinx/common/virtex.gen 
Execute         source /tools/Xilinx/Vivado/2018.3/common/technology/xilinx/common/xilinx.gen 
Execute           source /tools/Xilinx/Vivado/2018.3/common/technology/xilinx/interface/plb46.gen 
Execute           source /tools/Xilinx/Vivado/2018.3/common/technology/xilinx/interface/fsl.gen 
Execute           source /tools/Xilinx/Vivado/2018.3/common/technology/xilinx/interface/axi4.gen 
Execute           source /tools/Xilinx/Vivado/2018.3/common/technology/xilinx/interface/nativeAXI4.gen 
Execute             source /tools/Xilinx/Vivado/2018.3/common/technology/xilinx/interface/saxilite.gen 
Execute             source /tools/Xilinx/Vivado/2018.3/common/technology/xilinx/interface/maxi.gen 
Execute           source /tools/Xilinx/Vivado/2018.3/common/technology/xilinx/scripts/xilinxcoregen.gen 
Execute           source /tools/Xilinx/Vivado/2018.3/common/technology/xilinx/interface/XilEDKCoreGen.gen 
Execute           source /tools/Xilinx/Vivado/2018.3/common/technology/xilinx/ip/dds_compiler.gen 
Execute           source /tools/Xilinx/Vivado/2018.3/common/technology/xilinx/ip/util.gen 
Execute           source /tools/Xilinx/Vivado/2018.3/common/technology/xilinx/ip/xfft.gen 
Execute           source /tools/Xilinx/Vivado/2018.3/common/technology/xilinx/ip/xfir.gen 
Execute         source /tools/Xilinx/Vivado/2018.3/common/technology/xilinx/common/dsp48.gen 
Execute     source /tools/Xilinx/Vivado/2018.3/common/technology/xilinx/zynquplus/zynquplus_fpv7.gen 
Execute       source /tools/Xilinx/Vivado/2018.3/common/technology/xilinx/common/xilinx_fpv6.gen 
INFO-FLOW: DBG:CMD:       initCTypeInfo top_module=bilateralFilterKernel xml_exists=1
Execute     source /home/pastoikos/Documents/bilateralFilterKernel_HLS/solution1/.autopilot/db/bilateralFilterKernel.rtl_wrap.cfg.tcl 
Execute     source /home/pastoikos/Documents/bilateralFilterKernel_HLS/solution1/.autopilot/db/bilateralFilterKernel.rtl_wrap.cfg.tcl 
Execute     source /home/pastoikos/Documents/bilateralFilterKernel_HLS/solution1/.autopilot/db/bilateralFilterKernel.rtl_wrap.cfg.tcl 
Execute     source /home/pastoikos/Documents/bilateralFilterKernel_HLS/solution1/.autopilot/db/bilateralFilterKernel.tbgen.tcl 
Execute     source /home/pastoikos/Documents/bilateralFilterKernel_HLS/solution1/.autopilot/db/bilateralFilterKernel.tbgen.tcl 
INFO-FLOW: DBG:CMD:       export_impl_rtl
INFO-FLOW: DBG:CMD:       generate_ip_cores sim=0 export=0 expOnly=0 dstVlogDir=impl/.verilog
Execute     source /home/pastoikos/Documents/bilateralFilterKernel_HLS/solution1/.autopilot/db/global.setting.tcl 
Execute     source /home/pastoikos/Documents/bilateralFilterKernel_HLS/solution1/.autopilot/db/bilateralFilterKernel.compgen.tcl 
Command     ap_source done; 0.13 sec.
INFO-FLOW: DBG:CMD:       generate_ip_cores sim=0 export=1 expOnly=1 dstVlogDir=impl/.pcores/verilog
Execute     source /home/pastoikos/Documents/bilateralFilterKernel_HLS/solution1/.autopilot/db/global.setting.tcl 
Execute     source /home/pastoikos/Documents/bilateralFilterKernel_HLS/solution1/.autopilot/db/bilateralFilterKernel.compgen.tcl 
INFO-FLOW: DBG:CMD:       generate_ip_cores sim=0 export=0 expOnly=0 dstVlogDir=impl/.pcores/verilog_sim
Execute     source /home/pastoikos/Documents/bilateralFilterKernel_HLS/solution1/.autopilot/db/global.setting.tcl 
Execute     source /home/pastoikos/Documents/bilateralFilterKernel_HLS/solution1/.autopilot/db/bilateralFilterKernel.compgen.tcl 
Execute     source /home/pastoikos/Documents/bilateralFilterKernel_HLS/solution1/.autopilot/db/global.setting.tcl 
Execute     source /home/pastoikos/Documents/bilateralFilterKernel_HLS/solution1/.autopilot/db/bilateralFilterKernel.constraint.tcl 
Execute     source /home/pastoikos/Documents/bilateralFilterKernel_HLS/solution1/.autopilot/db/bilateralFilterKernel.tbgen.tcl 
INFO-FLOW: DBG:CMD:       hasPcoreIpAdapter=false #gSsdmPorts=0
INFO-FLOW: DBG:CMD:       copy ip_driver_dir 1_0 /home/pastoikos/Documents/bilateralFilterKernel_HLS/solution1/.autopilot/db/driver
INFO-FLOW: DBG:CMD:       generate_ip_script #gSsdmPorts=0
Execute     source /home/pastoikos/Documents/bilateralFilterKernel_HLS/solution1/.autopilot/db/bilateralFilterKernel.tbgen.tcl 
Execute     source /home/pastoikos/Documents/bilateralFilterKernel_HLS/solution1/.autopilot/db/bilateralFilterKernel.tbgen.tcl 
Execute     source /home/pastoikos/Documents/bilateralFilterKernel_HLS/solution1/.autopilot/db/bilateralFilterKernel.tbgen.tcl 
Execute     source /home/pastoikos/Documents/bilateralFilterKernel_HLS/solution1/.autopilot/db/global.setting.tcl 
Execute     get_config_sdx -target 
INFO-FLOW: DBG:CMD:       generate_ip_auxiliary
Execute     source /home/pastoikos/Documents/bilateralFilterKernel_HLS/solution1/.autopilot/db/global.setting.tcl 
INFO-FLOW: DBG:CMD:       prepArgInfo -> loadAnalyze_DB top_module=bilateralFilterKernel
Execute     source /home/pastoikos/Documents/bilateralFilterKernel_HLS/solution1/.autopilot/db/bilateralFilterKernel.rtl_wrap.cfg.tcl 
Execute     source /home/pastoikos/Documents/bilateralFilterKernel_HLS/solution1/.autopilot/db/bilateralFilterKernel.rtl_wrap.cfg.tcl 
Execute     source /home/pastoikos/Documents/bilateralFilterKernel_HLS/solution1/.autopilot/db/bilateralFilterKernel.rtl_wrap.cfg.tcl 
Execute     source /home/pastoikos/Documents/bilateralFilterKernel_HLS/solution1/.autopilot/db/bilateralFilterKernel.tbgen.tcl 
Execute     source /home/pastoikos/Documents/bilateralFilterKernel_HLS/solution1/.autopilot/db/bilateralFilterKernel.tbgen.tcl 
Execute     source /home/pastoikos/Documents/bilateralFilterKernel_HLS/solution1/.autopilot/db/bilateralFilterKernel.tbgen.tcl 
INFO-FLOW: DBG:CMD:       generate_top_info
INFO-FLOW: DBG:CMD:       prepArgInfo -> loadAnalyze_DB top_module=bilateralFilterKernel
Execute     source /home/pastoikos/Documents/bilateralFilterKernel_HLS/solution1/.autopilot/db/bilateralFilterKernel.rtl_wrap.cfg.tcl 
Execute     source /home/pastoikos/Documents/bilateralFilterKernel_HLS/solution1/.autopilot/db/bilateralFilterKernel.rtl_wrap.cfg.tcl 
Execute     source /home/pastoikos/Documents/bilateralFilterKernel_HLS/solution1/.autopilot/db/bilateralFilterKernel.rtl_wrap.cfg.tcl 
Execute     source /home/pastoikos/Documents/bilateralFilterKernel_HLS/solution1/.autopilot/db/bilateralFilterKernel.tbgen.tcl 
Execute     source /home/pastoikos/Documents/bilateralFilterKernel_HLS/solution1/.autopilot/db/bilateralFilterKernel.tbgen.tcl 
Execute     source /home/pastoikos/Documents/bilateralFilterKernel_HLS/solution1/.autopilot/db/global.setting.tcl 
Execute     source /home/pastoikos/Documents/bilateralFilterKernel_HLS/solution1/.autopilot/db/bilateralFilterKernel.tbgen.tcl 
Execute     source /home/pastoikos/Documents/bilateralFilterKernel_HLS/solution1/.autopilot/db/global.setting.tcl 
Execute     source /home/pastoikos/Documents/bilateralFilterKernel_HLS/solution1/.autopilot/db/bilateralFilterKernel.constraint.tcl 
INFO-FLOW: DBG:CMD:       generate_ipi_example_script
INFO-FLOW: DBG:CMD:       generate_syn_sh
Execute     source /home/pastoikos/Documents/bilateralFilterKernel_HLS/solution1/.autopilot/db/global.setting.tcl 
Execute     source /home/pastoikos/Documents/bilateralFilterKernel_HLS/solution1/.autopilot/db/global.setting.tcl 
INFO-FLOW: DBG:CMD:       generate_imp_constraints
Execute     source /home/pastoikos/Documents/bilateralFilterKernel_HLS/solution1/.autopilot/db/bilateralFilterKernel.constraint.tcl 
Execute     source /home/pastoikos/Documents/bilateralFilterKernel_HLS/solution1/.autopilot/db/bilateralFilterKernel.tbgen.tcl 
Execute     source /home/pastoikos/Documents/bilateralFilterKernel_HLS/solution1/.autopilot/db/bilateralFilterKernel.constraint.tcl 
Execute     source /home/pastoikos/Documents/bilateralFilterKernel_HLS/solution1/.autopilot/db/bilateralFilterKernel.tbgen.tcl 
INFO-FLOW: DBG:CMD:       copy-tb-rtl-files
INFO-FLOW: DBG:CMD:       copy-tb-data-files
INFO-FLOW: DBG:CMD:       delete-temp-dirs (skipped for debug)
INFO-FLOW: DBG:CMD: read_platform_lib /home/pastoikos/Documents/bilateralFilterKernel_HLS/solution1/.autopilot/db/global.setting.tcl
Execute     source /tools/Xilinx/Vivado/2018.3/common/technology/generic/autopilot/common.gen 
Execute       source /tools/Xilinx/Vivado/2018.3/common/technology/generic/autopilot/APCoreGen.gen 
Execute     source /tools/Xilinx/Vivado/2018.3/common/technology/generic/autopilot/op.gen 
Execute     source /tools/Xilinx/Vivado/2018.3/common/technology/generic/autopilot/op_simcore.gen 
Execute     source /tools/Xilinx/Vivado/2018.3/common/technology/generic/autopilot/interface.gen 
Execute     source /home/pastoikos/Documents/bilateralFilterKernel_HLS/solution1/.autopilot/db/global.setting.tcl 
Execute     source /tools/Xilinx/Vivado/2018.3/common/technology/xilinx/zynquplus/zynquplus.gen 
Execute       source /tools/Xilinx/Vivado/2018.3/common/technology/xilinx/common/virtex.gen 
Execute         source /tools/Xilinx/Vivado/2018.3/common/technology/xilinx/common/xilinx.gen 
Execute           source /tools/Xilinx/Vivado/2018.3/common/technology/xilinx/interface/plb46.gen 
Execute           source /tools/Xilinx/Vivado/2018.3/common/technology/xilinx/interface/fsl.gen 
Execute           source /tools/Xilinx/Vivado/2018.3/common/technology/xilinx/interface/axi4.gen 
Execute           source /tools/Xilinx/Vivado/2018.3/common/technology/xilinx/interface/nativeAXI4.gen 
Execute             source /tools/Xilinx/Vivado/2018.3/common/technology/xilinx/interface/saxilite.gen 
Execute             source /tools/Xilinx/Vivado/2018.3/common/technology/xilinx/interface/maxi.gen 
Execute           source /tools/Xilinx/Vivado/2018.3/common/technology/xilinx/scripts/xilinxcoregen.gen 
Execute           source /tools/Xilinx/Vivado/2018.3/common/technology/xilinx/interface/XilEDKCoreGen.gen 
Execute           source /tools/Xilinx/Vivado/2018.3/common/technology/xilinx/ip/dds_compiler.gen 
Execute           source /tools/Xilinx/Vivado/2018.3/common/technology/xilinx/ip/util.gen 
Execute           source /tools/Xilinx/Vivado/2018.3/common/technology/xilinx/ip/xfft.gen 
Execute           source /tools/Xilinx/Vivado/2018.3/common/technology/xilinx/ip/xfir.gen 
Execute         source /tools/Xilinx/Vivado/2018.3/common/technology/xilinx/common/dsp48.gen 
Execute     source /tools/Xilinx/Vivado/2018.3/common/technology/xilinx/zynquplus/zynquplus_fpv7.gen 
Execute       source /tools/Xilinx/Vivado/2018.3/common/technology/xilinx/common/xilinx_fpv6.gen 
INFO-FLOW: DBG:CMD:     exec /home/pastoikos/Documents/bilateralFilterKernel_HLS/solution1/impl/ip/pack.sh
Command   export_design done; 25.6 sec.
Command ap_source done; 25.88 sec.
Execute cleanup_all 
